2024-05-04 11:45:10.270 [restartedMain] "  " DEBUG o.s.b.web.servlet.ServletContextInitializerBeans - Mapping filters: mdc-access-servlet-filter urls=[/*] order=2147483647, characterEncodingFilter urls=[/*] order=-2147483648, formContentFilter urls=[/*] order=-9900, requestContextFilter urls=[/*] order=-105
2024-05-04 11:45:10.270 [restartedMain] "  " DEBUG o.s.b.web.servlet.ServletContextInitializerBeans - Mapping servlets: dispatcherServlet urls=[/], webServlet urls=[/h2-console/*]
2024-05-04 11:45:12.862 [restartedMain] "  " DEBUG o.s.w.s.m.m.a.RequestMappingHandlerAdapter - ControllerAdvice beans: 0 @ModelAttribute, 0 @InitBinder, 1 RequestBodyAdvice, 1 ResponseBodyAdvice
2024-05-04 11:45:12.910 [restartedMain] "  " DEBUG o.s.w.s.m.m.a.RequestMappingHandlerMapping - 100 mappings in 'requestMappingHandlerMapping'
2024-05-04 11:45:12.930 [restartedMain] "  " DEBUG o.s.web.servlet.config.annotation.WebMvcConfigurer - Default resource handling disabled
2024-05-04 11:45:12.939 [restartedMain] "  " DEBUG o.s.web.servlet.handler.SimpleUrlHandlerMapping - Patterns [/assets/**] in 'resourceHandlerMapping'
2024-05-04 11:45:12.948 [restartedMain] "  " DEBUG o.s.w.s.m.m.a.ExceptionHandlerExceptionResolver - ControllerAdvice beans: 1 @ExceptionHandler, 1 ResponseBodyAdvice
2024-05-04 11:45:13.146 [restartedMain] "  " DEBUG o.s.w.servlet.view.freemarker.FreeMarkerConfigurer - Cannot resolve template loader path [classpath:/templates/] to [java.io.File]: using SpringTemplateLoader as fallback
java.io.FileNotFoundException: class path resource [templates/] cannot be resolved to URL because it does not exist
	at org.springframework.core.io.ClassPathResource.getURL(ClassPathResource.java:195)
	at org.springframework.core.io.AbstractFileResolvingResource.getFile(AbstractFileResolvingResource.java:150)
	at org.springframework.ui.freemarker.FreeMarkerConfigurationFactory.getTemplateLoaderForPath(FreeMarkerConfigurationFactory.java:345)
	at org.springframework.ui.freemarker.FreeMarkerConfigurationFactory.createConfiguration(FreeMarkerConfigurationFactory.java:297)
	at org.springframework.web.servlet.view.freemarker.FreeMarkerConfigurer.afterPropertiesSet(FreeMarkerConfigurer.java:120)
	at org.springframework.beans.factory.support.AbstractAutowireCapableBeanFactory.invokeInitMethods(AbstractAutowireCapableBeanFactory.java:1853)
	at org.springframework.beans.factory.support.AbstractAutowireCapableBeanFactory.initializeBean(AbstractAutowireCapableBeanFactory.java:1790)
	at org.springframework.beans.factory.support.AbstractAutowireCapableBeanFactory.doCreateBean(AbstractAutowireCapableBeanFactory.java:594)
	at org.springframework.beans.factory.support.AbstractAutowireCapableBeanFactory.createBean(AbstractAutowireCapableBeanFactory.java:516)
	at org.springframework.beans.factory.support.AbstractBeanFactory.lambda$doGetBean$0(AbstractBeanFactory.java:324)
	at org.springframework.beans.factory.support.DefaultSingletonBeanRegistry.getSingleton(DefaultSingletonBeanRegistry.java:226)
	at org.springframework.beans.factory.support.AbstractBeanFactory.doGetBean(AbstractBeanFactory.java:322)
	at org.springframework.beans.factory.support.AbstractBeanFactory.getBean(AbstractBeanFactory.java:202)
	at org.springframework.beans.factory.support.DefaultListableBeanFactory.preInstantiateSingletons(DefaultListableBeanFactory.java:897)
	at org.springframework.context.support.AbstractApplicationContext.finishBeanFactoryInitialization(AbstractApplicationContext.java:879)
	at org.springframework.context.support.AbstractApplicationContext.refresh(AbstractApplicationContext.java:551)
	at org.springframework.boot.web.servlet.context.ServletWebServerApplicationContext.refresh(ServletWebServerApplicationContext.java:143)
	at org.springframework.boot.SpringApplication.refresh(SpringApplication.java:758)
	at org.springframework.boot.SpringApplication.refresh(SpringApplication.java:750)
	at org.springframework.boot.SpringApplication.refreshContext(SpringApplication.java:397)
	at org.springframework.boot.SpringApplication.run(SpringApplication.java:315)
	at org.springframework.boot.SpringApplication.run(SpringApplication.java:1237)
	at org.springframework.boot.SpringApplication.run(SpringApplication.java:1226)
	at com.recruit.RecruitApplication.main(RecruitApplication.java:24)
	at sun.reflect.NativeMethodAccessorImpl.invoke0(Native Method)
	at sun.reflect.NativeMethodAccessorImpl.invoke(NativeMethodAccessorImpl.java:62)
	at sun.reflect.DelegatingMethodAccessorImpl.invoke(DelegatingMethodAccessorImpl.java:43)
	at java.lang.reflect.Method.invoke(Method.java:498)
	at org.springframework.boot.devtools.restart.RestartLauncher.run(RestartLauncher.java:49)
2024-05-04 11:45:13.280 [restartedMain] "  " DEBUG o.s.w.s.server.standard.ServerEndpointExporter - Registering @ServerEndpoint class: class com.recruit.module.message.WebSocket
2024-05-04 11:45:13.354 [restartedMain] "  " DEBUG com.recruit.mapper.PermissionMapper.selectOne - ==>  Preparing: SELECT id,name,module,mount,create_time,update_time,delete_time FROM permission WHERE delete_time IS NULL AND (name = ? AND module = ?)
2024-05-04 11:45:13.372 [restartedMain] "  " DEBUG com.recruit.mapper.PermissionMapper.selectOne - ==> Parameters: 查询所有可分配的权限(String), 管理员(String)
2024-05-04 11:45:13.398 [restartedMain] "  " DEBUG com.recruit.mapper.PermissionMapper.selectOne - <==      Total: 1
2024-05-04 11:45:13.401 [restartedMain] "  " DEBUG com.recruit.mapper.PermissionMapper.selectOne - ==>  Preparing: SELECT id,name,module,mount,create_time,update_time,delete_time FROM permission WHERE delete_time IS NULL AND (name = ? AND module = ?)
2024-05-04 11:45:13.401 [restartedMain] "  " DEBUG com.recruit.mapper.PermissionMapper.selectOne - ==> Parameters: 取消收藏(String), 收藏职位(String)
2024-05-04 11:45:13.402 [restartedMain] "  " DEBUG com.recruit.mapper.PermissionMapper.selectOne - <==      Total: 1
2024-05-04 11:45:13.404 [restartedMain] "  " DEBUG com.recruit.mapper.PermissionMapper.selectOne - ==>  Preparing: SELECT id,name,module,mount,create_time,update_time,delete_time FROM permission WHERE delete_time IS NULL AND (name = ? AND module = ?)
2024-05-04 11:45:13.404 [restartedMain] "  " DEBUG com.recruit.mapper.PermissionMapper.selectOne - ==> Parameters: 分配单个权限(String), 管理员(String)
2024-05-04 11:45:13.405 [restartedMain] "  " DEBUG com.recruit.mapper.PermissionMapper.selectOne - <==      Total: 1
2024-05-04 11:45:13.407 [restartedMain] "  " DEBUG com.recruit.mapper.PermissionMapper.selectOne - ==>  Preparing: SELECT id,name,module,mount,create_time,update_time,delete_time FROM permission WHERE delete_time IS NULL AND (name = ? AND module = ?)
2024-05-04 11:45:13.408 [restartedMain] "  " DEBUG com.recruit.mapper.PermissionMapper.selectOne - ==> Parameters: 申请审核(String), 申请(String)
2024-05-04 11:45:13.409 [restartedMain] "  " DEBUG com.recruit.mapper.PermissionMapper.selectOne - <==      Total: 1
2024-05-04 11:45:13.410 [restartedMain] "  " DEBUG com.recruit.mapper.PermissionMapper.selectOne - ==>  Preparing: SELECT id,name,module,mount,create_time,update_time,delete_time FROM permission WHERE delete_time IS NULL AND (name = ? AND module = ?)
2024-05-04 11:45:13.411 [restartedMain] "  " DEBUG com.recruit.mapper.PermissionMapper.selectOne - ==> Parameters: 更新企业状态(String), 公司(String)
2024-05-04 11:45:13.411 [restartedMain] "  " DEBUG com.recruit.mapper.PermissionMapper.selectOne - <==      Total: 1
2024-05-04 11:45:13.412 [restartedMain] "  " DEBUG com.recruit.mapper.PermissionMapper.selectOne - ==>  Preparing: SELECT id,name,module,mount,create_time,update_time,delete_time FROM permission WHERE delete_time IS NULL AND (name = ? AND module = ?)
2024-05-04 11:45:13.413 [restartedMain] "  " DEBUG com.recruit.mapper.PermissionMapper.selectOne - ==> Parameters: 我的面试(String), 面试(String)
2024-05-04 11:45:13.414 [restartedMain] "  " DEBUG com.recruit.mapper.PermissionMapper.selectOne - <==      Total: 1
2024-05-04 11:45:13.415 [restartedMain] "  " DEBUG com.recruit.mapper.PermissionMapper.selectOne - ==>  Preparing: SELECT id,name,module,mount,create_time,update_time,delete_time FROM permission WHERE delete_time IS NULL AND (name = ? AND module = ?)
2024-05-04 11:45:13.415 [restartedMain] "  " DEBUG com.recruit.mapper.PermissionMapper.selectOne - ==> Parameters: 更新企业状态(String), 公司(String)
2024-05-04 11:45:13.416 [restartedMain] "  " DEBUG com.recruit.mapper.PermissionMapper.selectOne - <==      Total: 1
2024-05-04 11:45:13.417 [restartedMain] "  " DEBUG com.recruit.mapper.PermissionMapper.selectOne - ==>  Preparing: SELECT id,name,module,mount,create_time,update_time,delete_time FROM permission WHERE delete_time IS NULL AND (name = ? AND module = ?)
2024-05-04 11:45:13.418 [restartedMain] "  " DEBUG com.recruit.mapper.PermissionMapper.selectOne - ==> Parameters: 新建权限组(String), 管理员(String)
2024-05-04 11:45:13.419 [restartedMain] "  " DEBUG com.recruit.mapper.PermissionMapper.selectOne - <==      Total: 1
2024-05-04 11:45:13.421 [restartedMain] "  " DEBUG com.recruit.mapper.PermissionMapper.selectOne - ==>  Preparing: SELECT id,name,module,mount,create_time,update_time,delete_time FROM permission WHERE delete_time IS NULL AND (name = ? AND module = ?)
2024-05-04 11:45:13.421 [restartedMain] "  " DEBUG com.recruit.mapper.PermissionMapper.selectOne - ==> Parameters: 更新职位状态(String), 职位(String)
2024-05-04 11:45:13.422 [restartedMain] "  " DEBUG com.recruit.mapper.PermissionMapper.selectOne - <==      Total: 1
2024-05-04 11:45:13.423 [restartedMain] "  " DEBUG com.recruit.mapper.PermissionMapper.selectOne - ==>  Preparing: SELECT id,name,module,mount,create_time,update_time,delete_time FROM permission WHERE delete_time IS NULL AND (name = ? AND module = ?)
2024-05-04 11:45:13.424 [restartedMain] "  " DEBUG com.recruit.mapper.PermissionMapper.selectOne - ==> Parameters: 分配多个权限(String), 管理员(String)
2024-05-04 11:45:13.425 [restartedMain] "  " DEBUG com.recruit.mapper.PermissionMapper.selectOne - <==      Total: 1
2024-05-04 11:45:13.426 [restartedMain] "  " DEBUG com.recruit.mapper.PermissionMapper.selectOne - ==>  Preparing: SELECT id,name,module,mount,create_time,update_time,delete_time FROM permission WHERE delete_time IS NULL AND (name = ? AND module = ?)
2024-05-04 11:45:13.427 [restartedMain] "  " DEBUG com.recruit.mapper.PermissionMapper.selectOne - ==> Parameters: 删除一个权限组(String), 管理员(String)
2024-05-04 11:45:13.428 [restartedMain] "  " DEBUG com.recruit.mapper.PermissionMapper.selectOne - <==      Total: 1
2024-05-04 11:45:13.429 [restartedMain] "  " DEBUG com.recruit.mapper.PermissionMapper.selectOne - ==>  Preparing: SELECT id,name,module,mount,create_time,update_time,delete_time FROM permission WHERE delete_time IS NULL AND (name = ? AND module = ?)
2024-05-04 11:45:13.429 [restartedMain] "  " DEBUG com.recruit.mapper.PermissionMapper.selectOne - ==> Parameters: 删除分类(String), 职位分类(String)
2024-05-04 11:45:13.430 [restartedMain] "  " DEBUG com.recruit.mapper.PermissionMapper.selectOne - <==      Total: 1
2024-05-04 11:45:13.431 [restartedMain] "  " DEBUG com.recruit.mapper.PermissionMapper.selectOne - ==>  Preparing: SELECT id,name,module,mount,create_time,update_time,delete_time FROM permission WHERE delete_time IS NULL AND (name = ? AND module = ?)
2024-05-04 11:45:13.432 [restartedMain] "  " DEBUG com.recruit.mapper.PermissionMapper.selectOne - ==> Parameters: 查看已发布的职位(String), 职位(String)
2024-05-04 11:45:13.433 [restartedMain] "  " DEBUG com.recruit.mapper.PermissionMapper.selectOne - <==      Total: 1
2024-05-04 11:45:13.434 [restartedMain] "  " DEBUG com.recruit.mapper.PermissionMapper.selectOne - ==>  Preparing: SELECT id,name,module,mount,create_time,update_time,delete_time FROM permission WHERE delete_time IS NULL AND (name = ? AND module = ?)
2024-05-04 11:45:13.434 [restartedMain] "  " DEBUG com.recruit.mapper.PermissionMapper.selectOne - ==> Parameters: 更新一个权限组(String), 管理员(String)
2024-05-04 11:45:13.435 [restartedMain] "  " DEBUG com.recruit.mapper.PermissionMapper.selectOne - <==      Total: 1
2024-05-04 11:45:13.436 [restartedMain] "  " DEBUG com.recruit.mapper.PermissionMapper.selectOne - ==>  Preparing: SELECT id,name,module,mount,create_time,update_time,delete_time FROM permission WHERE delete_time IS NULL AND (name = ? AND module = ?)
2024-05-04 11:45:13.436 [restartedMain] "  " DEBUG com.recruit.mapper.PermissionMapper.selectOne - ==> Parameters: 删除一个权限组(String), 管理员(String)
2024-05-04 11:45:13.437 [restartedMain] "  " DEBUG com.recruit.mapper.PermissionMapper.selectOne - <==      Total: 1
2024-05-04 11:45:13.440 [restartedMain] "  " DEBUG com.recruit.mapper.PermissionMapper.selectOne - ==>  Preparing: SELECT id,name,module,mount,create_time,update_time,delete_time FROM permission WHERE delete_time IS NULL AND (name = ? AND module = ?)
2024-05-04 11:45:13.441 [restartedMain] "  " DEBUG com.recruit.mapper.PermissionMapper.selectOne - ==> Parameters: 删除分类(String), 职位分类(String)
2024-05-04 11:45:13.443 [restartedMain] "  " DEBUG com.recruit.mapper.PermissionMapper.selectOne - <==      Total: 1
2024-05-04 11:45:13.445 [restartedMain] "  " DEBUG com.recruit.mapper.PermissionMapper.selectOne - ==>  Preparing: SELECT id,name,module,mount,create_time,update_time,delete_time FROM permission WHERE delete_time IS NULL AND (name = ? AND module = ?)
2024-05-04 11:45:13.445 [restartedMain] "  " DEBUG com.recruit.mapper.PermissionMapper.selectOne - ==> Parameters: 删除用户(String), 管理员(String)
2024-05-04 11:45:13.446 [restartedMain] "  " DEBUG com.recruit.mapper.PermissionMapper.selectOne - <==      Total: 1
2024-05-04 11:45:13.447 [restartedMain] "  " DEBUG com.recruit.mapper.PermissionMapper.selectOne - ==>  Preparing: SELECT id,name,module,mount,create_time,update_time,delete_time FROM permission WHERE delete_time IS NULL AND (name = ? AND module = ?)
2024-05-04 11:45:13.447 [restartedMain] "  " DEBUG com.recruit.mapper.PermissionMapper.selectOne - ==> Parameters: 下架职位(String), 职位(String)
2024-05-04 11:45:13.448 [restartedMain] "  " DEBUG com.recruit.mapper.PermissionMapper.selectOne - <==      Total: 1
2024-05-04 11:45:13.449 [restartedMain] "  " DEBUG com.recruit.mapper.PermissionMapper.selectOne - ==>  Preparing: SELECT id,name,module,mount,create_time,update_time,delete_time FROM permission WHERE delete_time IS NULL AND (name = ? AND module = ?)
2024-05-04 11:45:13.449 [restartedMain] "  " DEBUG com.recruit.mapper.PermissionMapper.selectOne - ==> Parameters: 我的投递箱(String), 申请(String)
2024-05-04 11:45:13.450 [restartedMain] "  " DEBUG com.recruit.mapper.PermissionMapper.selectOne - <==      Total: 1
2024-05-04 11:45:13.451 [restartedMain] "  " DEBUG com.recruit.mapper.PermissionMapper.selectOne - ==>  Preparing: SELECT id,name,module,mount,create_time,update_time,delete_time FROM permission WHERE delete_time IS NULL AND (name = ? AND module = ?)
2024-05-04 11:45:13.451 [restartedMain] "  " DEBUG com.recruit.mapper.PermissionMapper.selectOne - ==> Parameters: 新增关注(String), 关注公司(String)
2024-05-04 11:45:13.451 [restartedMain] "  " DEBUG com.recruit.mapper.PermissionMapper.selectOne - <==      Total: 1
2024-05-04 11:45:13.453 [restartedMain] "  " DEBUG com.recruit.mapper.PermissionMapper.selectOne - ==>  Preparing: SELECT id,name,module,mount,create_time,update_time,delete_time FROM permission WHERE delete_time IS NULL AND (name = ? AND module = ?)
2024-05-04 11:45:13.453 [restartedMain] "  " DEBUG com.recruit.mapper.PermissionMapper.selectOne - ==> Parameters: 查询日志记录的用户(String), 日志(String)
2024-05-04 11:45:13.454 [restartedMain] "  " DEBUG com.recruit.mapper.PermissionMapper.selectOne - <==      Total: 1
2024-05-04 11:45:13.455 [restartedMain] "  " DEBUG com.recruit.mapper.PermissionMapper.selectOne - ==>  Preparing: SELECT id,name,module,mount,create_time,update_time,delete_time FROM permission WHERE delete_time IS NULL AND (name = ? AND module = ?)
2024-05-04 11:45:13.455 [restartedMain] "  " DEBUG com.recruit.mapper.PermissionMapper.selectOne - ==> Parameters: 更新企业信息(String), 公司(String)
2024-05-04 11:45:13.456 [restartedMain] "  " DEBUG com.recruit.mapper.PermissionMapper.selectOne - <==      Total: 1
2024-05-04 11:45:13.457 [restartedMain] "  " DEBUG com.recruit.mapper.PermissionMapper.selectOne - ==>  Preparing: SELECT id,name,module,mount,create_time,update_time,delete_time FROM permission WHERE delete_time IS NULL AND (name = ? AND module = ?)
2024-05-04 11:45:13.457 [restartedMain] "  " DEBUG com.recruit.mapper.PermissionMapper.selectOne - ==> Parameters: 查询所有权限组(String), 管理员(String)
2024-05-04 11:45:13.458 [restartedMain] "  " DEBUG com.recruit.mapper.PermissionMapper.selectOne - <==      Total: 1
2024-05-04 11:45:13.459 [restartedMain] "  " DEBUG com.recruit.mapper.PermissionMapper.selectOne - ==>  Preparing: SELECT id,name,module,mount,create_time,update_time,delete_time FROM permission WHERE delete_time IS NULL AND (name = ? AND module = ?)
2024-05-04 11:45:13.459 [restartedMain] "  " DEBUG com.recruit.mapper.PermissionMapper.selectOne - ==> Parameters: 删除用户(String), 管理员(String)
2024-05-04 11:45:13.460 [restartedMain] "  " DEBUG com.recruit.mapper.PermissionMapper.selectOne - <==      Total: 1
2024-05-04 11:45:13.461 [restartedMain] "  " DEBUG com.recruit.mapper.PermissionMapper.selectOne - ==>  Preparing: SELECT id,name,module,mount,create_time,update_time,delete_time FROM permission WHERE delete_time IS NULL AND (name = ? AND module = ?)
2024-05-04 11:45:13.461 [restartedMain] "  " DEBUG com.recruit.mapper.PermissionMapper.selectOne - ==> Parameters: 新增分类(String), 职位分类(String)
2024-05-04 11:45:13.462 [restartedMain] "  " DEBUG com.recruit.mapper.PermissionMapper.selectOne - <==      Total: 1
2024-05-04 11:45:13.463 [restartedMain] "  " DEBUG com.recruit.mapper.PermissionMapper.selectOne - ==>  Preparing: SELECT id,name,module,mount,create_time,update_time,delete_time FROM permission WHERE delete_time IS NULL AND (name = ? AND module = ?)
2024-05-04 11:45:13.463 [restartedMain] "  " DEBUG com.recruit.mapper.PermissionMapper.selectOne - ==> Parameters: 申请审核(String), 申请(String)
2024-05-04 11:45:13.463 [restartedMain] "  " DEBUG com.recruit.mapper.PermissionMapper.selectOne - <==      Total: 1
2024-05-04 11:45:13.464 [restartedMain] "  " DEBUG com.recruit.mapper.PermissionMapper.selectOne - ==>  Preparing: SELECT id,name,module,mount,create_time,update_time,delete_time FROM permission WHERE delete_time IS NULL AND (name = ? AND module = ?)
2024-05-04 11:45:13.464 [restartedMain] "  " DEBUG com.recruit.mapper.PermissionMapper.selectOne - ==> Parameters: 简历管理(String), 申请(String)
2024-05-04 11:45:13.465 [restartedMain] "  " DEBUG com.recruit.mapper.PermissionMapper.selectOne - <==      Total: 1
2024-05-04 11:45:13.466 [restartedMain] "  " DEBUG com.recruit.mapper.PermissionMapper.selectOne - ==>  Preparing: SELECT id,name,module,mount,create_time,update_time,delete_time FROM permission WHERE delete_time IS NULL AND (name = ? AND module = ?)
2024-05-04 11:45:13.466 [restartedMain] "  " DEBUG com.recruit.mapper.PermissionMapper.selectOne - ==> Parameters: 搜索日志(String), 日志(String)
2024-05-04 11:45:13.466 [restartedMain] "  " DEBUG com.recruit.mapper.PermissionMapper.selectOne - <==      Total: 1
2024-05-04 11:45:13.467 [restartedMain] "  " DEBUG com.recruit.mapper.PermissionMapper.selectOne - ==>  Preparing: SELECT id,name,module,mount,create_time,update_time,delete_time FROM permission WHERE delete_time IS NULL AND (name = ? AND module = ?)
2024-05-04 11:45:13.467 [restartedMain] "  " DEBUG com.recruit.mapper.PermissionMapper.selectOne - ==> Parameters: 查看已发布的职位(String), 职位(String)
2024-05-04 11:45:13.468 [restartedMain] "  " DEBUG com.recruit.mapper.PermissionMapper.selectOne - <==      Total: 1
2024-05-04 11:45:13.469 [restartedMain] "  " DEBUG com.recruit.mapper.PermissionMapper.selectOne - ==>  Preparing: SELECT id,name,module,mount,create_time,update_time,delete_time FROM permission WHERE delete_time IS NULL AND (name = ? AND module = ?)
2024-05-04 11:45:13.469 [restartedMain] "  " DEBUG com.recruit.mapper.PermissionMapper.selectOne - ==> Parameters: 查看我的关注(String), 关注公司(String)
2024-05-04 11:45:13.470 [restartedMain] "  " DEBUG com.recruit.mapper.PermissionMapper.selectOne - <==      Total: 1
2024-05-04 11:45:13.471 [restartedMain] "  " DEBUG com.recruit.mapper.PermissionMapper.selectOne - ==>  Preparing: SELECT id,name,module,mount,create_time,update_time,delete_time FROM permission WHERE delete_time IS NULL AND (name = ? AND module = ?)
2024-05-04 11:45:13.471 [restartedMain] "  " DEBUG com.recruit.mapper.PermissionMapper.selectOne - ==> Parameters: 更新简历(String), 简历(String)
2024-05-04 11:45:13.472 [restartedMain] "  " DEBUG com.recruit.mapper.PermissionMapper.selectOne - <==      Total: 1
2024-05-04 11:45:13.472 [restartedMain] "  " DEBUG com.recruit.mapper.PermissionMapper.selectOne - ==>  Preparing: SELECT id,name,module,mount,create_time,update_time,delete_time FROM permission WHERE delete_time IS NULL AND (name = ? AND module = ?)
2024-05-04 11:45:13.473 [restartedMain] "  " DEBUG com.recruit.mapper.PermissionMapper.selectOne - ==> Parameters: 删除多个权限(String), 管理员(String)
2024-05-04 11:45:13.473 [restartedMain] "  " DEBUG com.recruit.mapper.PermissionMapper.selectOne - <==      Total: 1
2024-05-04 11:45:13.474 [restartedMain] "  " DEBUG com.recruit.mapper.PermissionMapper.selectOne - ==>  Preparing: SELECT id,name,module,mount,create_time,update_time,delete_time FROM permission WHERE delete_time IS NULL AND (name = ? AND module = ?)
2024-05-04 11:45:13.474 [restartedMain] "  " DEBUG com.recruit.mapper.PermissionMapper.selectOne - ==> Parameters: 添加收藏(String), 收藏职位(String)
2024-05-04 11:45:13.475 [restartedMain] "  " DEBUG com.recruit.mapper.PermissionMapper.selectOne - <==      Total: 1
2024-05-04 11:45:13.475 [restartedMain] "  " DEBUG com.recruit.mapper.PermissionMapper.selectOne - ==>  Preparing: SELECT id,name,module,mount,create_time,update_time,delete_time FROM permission WHERE delete_time IS NULL AND (name = ? AND module = ?)
2024-05-04 11:45:13.476 [restartedMain] "  " DEBUG com.recruit.mapper.PermissionMapper.selectOne - ==> Parameters: 查询一个权限组及其权限(String), 管理员(String)
2024-05-04 11:45:13.476 [restartedMain] "  " DEBUG com.recruit.mapper.PermissionMapper.selectOne - <==      Total: 1
2024-05-04 11:45:13.477 [restartedMain] "  " DEBUG com.recruit.mapper.PermissionMapper.selectOne - ==>  Preparing: SELECT id,name,module,mount,create_time,update_time,delete_time FROM permission WHERE delete_time IS NULL AND (name = ? AND module = ?)
2024-05-04 11:45:13.477 [restartedMain] "  " DEBUG com.recruit.mapper.PermissionMapper.selectOne - ==> Parameters: 搜索日志(String), 日志(String)
2024-05-04 11:45:13.478 [restartedMain] "  " DEBUG com.recruit.mapper.PermissionMapper.selectOne - <==      Total: 1
2024-05-04 11:45:13.479 [restartedMain] "  " DEBUG com.recruit.mapper.PermissionMapper.selectOne - ==>  Preparing: SELECT id,name,module,mount,create_time,update_time,delete_time FROM permission WHERE delete_time IS NULL AND (name = ? AND module = ?)
2024-05-04 11:45:13.479 [restartedMain] "  " DEBUG com.recruit.mapper.PermissionMapper.selectOne - ==> Parameters: 查询一个权限组及其权限(String), 管理员(String)
2024-05-04 11:45:13.479 [restartedMain] "  " DEBUG com.recruit.mapper.PermissionMapper.selectOne - <==      Total: 1
2024-05-04 11:45:13.480 [restartedMain] "  " DEBUG com.recruit.mapper.PermissionMapper.selectOne - ==>  Preparing: SELECT id,name,module,mount,create_time,update_time,delete_time FROM permission WHERE delete_time IS NULL AND (name = ? AND module = ?)
2024-05-04 11:45:13.480 [restartedMain] "  " DEBUG com.recruit.mapper.PermissionMapper.selectOne - ==> Parameters: 创建简历(String), 简历(String)
2024-05-04 11:45:13.481 [restartedMain] "  " DEBUG com.recruit.mapper.PermissionMapper.selectOne - <==      Total: 1
2024-05-04 11:45:13.482 [restartedMain] "  " DEBUG com.recruit.mapper.PermissionMapper.selectOne - ==>  Preparing: SELECT id,name,module,mount,create_time,update_time,delete_time FROM permission WHERE delete_time IS NULL AND (name = ? AND module = ?)
2024-05-04 11:45:13.482 [restartedMain] "  " DEBUG com.recruit.mapper.PermissionMapper.selectOne - ==> Parameters: 查询简历(String), 简历(String)
2024-05-04 11:45:13.482 [restartedMain] "  " DEBUG com.recruit.mapper.PermissionMapper.selectOne - <==      Total: 1
2024-05-04 11:45:13.483 [restartedMain] "  " DEBUG com.recruit.mapper.PermissionMapper.selectOne - ==>  Preparing: SELECT id,name,module,mount,create_time,update_time,delete_time FROM permission WHERE delete_time IS NULL AND (name = ? AND module = ?)
2024-05-04 11:45:13.483 [restartedMain] "  " DEBUG com.recruit.mapper.PermissionMapper.selectOne - ==> Parameters: 更新职位(String), 职位(String)
2024-05-04 11:45:13.484 [restartedMain] "  " DEBUG com.recruit.mapper.PermissionMapper.selectOne - <==      Total: 1
2024-05-04 11:45:13.484 [restartedMain] "  " DEBUG com.recruit.mapper.PermissionMapper.selectOne - ==>  Preparing: SELECT id,name,module,mount,create_time,update_time,delete_time FROM permission WHERE delete_time IS NULL AND (name = ? AND module = ?)
2024-05-04 11:45:13.485 [restartedMain] "  " DEBUG com.recruit.mapper.PermissionMapper.selectOne - ==> Parameters: 更新职位(String), 职位(String)
2024-05-04 11:45:13.485 [restartedMain] "  " DEBUG com.recruit.mapper.PermissionMapper.selectOne - <==      Total: 1
2024-05-04 11:45:13.486 [restartedMain] "  " DEBUG com.recruit.mapper.PermissionMapper.selectOne - ==>  Preparing: SELECT id,name,module,mount,create_time,update_time,delete_time FROM permission WHERE delete_time IS NULL AND (name = ? AND module = ?)
2024-05-04 11:45:13.486 [restartedMain] "  " DEBUG com.recruit.mapper.PermissionMapper.selectOne - ==> Parameters: 新增分类(String), 职位分类(String)
2024-05-04 11:45:13.487 [restartedMain] "  " DEBUG com.recruit.mapper.PermissionMapper.selectOne - <==      Total: 1
2024-05-04 11:45:13.488 [restartedMain] "  " DEBUG com.recruit.mapper.PermissionMapper.selectOne - ==>  Preparing: SELECT id,name,module,mount,create_time,update_time,delete_time FROM permission WHERE delete_time IS NULL AND (name = ? AND module = ?)
2024-05-04 11:45:13.488 [restartedMain] "  " DEBUG com.recruit.mapper.PermissionMapper.selectOne - ==> Parameters: 查询所有日志(String), 日志(String)
2024-05-04 11:45:13.488 [restartedMain] "  " DEBUG com.recruit.mapper.PermissionMapper.selectOne - <==      Total: 1
2024-05-04 11:45:13.489 [restartedMain] "  " DEBUG com.recruit.mapper.PermissionMapper.selectOne - ==>  Preparing: SELECT id,name,module,mount,create_time,update_time,delete_time FROM permission WHERE delete_time IS NULL AND (name = ? AND module = ?)
2024-05-04 11:45:13.489 [restartedMain] "  " DEBUG com.recruit.mapper.PermissionMapper.selectOne - ==> Parameters: 投递简历(String), 申请(String)
2024-05-04 11:45:13.490 [restartedMain] "  " DEBUG com.recruit.mapper.PermissionMapper.selectOne - <==      Total: 1
2024-05-04 11:45:13.490 [restartedMain] "  " DEBUG com.recruit.mapper.PermissionMapper.selectOne - ==>  Preparing: SELECT id,name,module,mount,create_time,update_time,delete_time FROM permission WHERE delete_time IS NULL AND (name = ? AND module = ?)
2024-05-04 11:45:13.490 [restartedMain] "  " DEBUG com.recruit.mapper.PermissionMapper.selectOne - ==> Parameters: 查询简历(String), 简历(String)
2024-05-04 11:45:13.491 [restartedMain] "  " DEBUG com.recruit.mapper.PermissionMapper.selectOne - <==      Total: 1
2024-05-04 11:45:13.492 [restartedMain] "  " DEBUG com.recruit.mapper.PermissionMapper.selectOne - ==>  Preparing: SELECT id,name,module,mount,create_time,update_time,delete_time FROM permission WHERE delete_time IS NULL AND (name = ? AND module = ?)
2024-05-04 11:45:13.492 [restartedMain] "  " DEBUG com.recruit.mapper.PermissionMapper.selectOne - ==> Parameters: 简历排序(String), 申请(String)
2024-05-04 11:45:13.493 [restartedMain] "  " DEBUG com.recruit.mapper.PermissionMapper.selectOne - <==      Total: 1
2024-05-04 11:45:13.493 [restartedMain] "  " DEBUG com.recruit.mapper.PermissionMapper.selectOne - ==>  Preparing: SELECT id,name,module,mount,create_time,update_time,delete_time FROM permission WHERE delete_time IS NULL AND (name = ? AND module = ?)
2024-05-04 11:45:13.493 [restartedMain] "  " DEBUG com.recruit.mapper.PermissionMapper.selectOne - ==> Parameters: 我的投递箱(String), 申请(String)
2024-05-04 11:45:13.494 [restartedMain] "  " DEBUG com.recruit.mapper.PermissionMapper.selectOne - <==      Total: 1
2024-05-04 11:45:13.495 [restartedMain] "  " DEBUG com.recruit.mapper.PermissionMapper.selectOne - ==>  Preparing: SELECT id,name,module,mount,create_time,update_time,delete_time FROM permission WHERE delete_time IS NULL AND (name = ? AND module = ?)
2024-05-04 11:45:13.495 [restartedMain] "  " DEBUG com.recruit.mapper.PermissionMapper.selectOne - ==> Parameters: 更新职位状态(String), 职位(String)
2024-05-04 11:45:13.496 [restartedMain] "  " DEBUG com.recruit.mapper.PermissionMapper.selectOne - <==      Total: 1
2024-05-04 11:45:13.496 [restartedMain] "  " DEBUG com.recruit.mapper.PermissionMapper.selectOne - ==>  Preparing: SELECT id,name,module,mount,create_time,update_time,delete_time FROM permission WHERE delete_time IS NULL AND (name = ? AND module = ?)
2024-05-04 11:45:13.496 [restartedMain] "  " DEBUG com.recruit.mapper.PermissionMapper.selectOne - ==> Parameters: 企业认证(String), 公司(String)
2024-05-04 11:45:13.497 [restartedMain] "  " DEBUG com.recruit.mapper.PermissionMapper.selectOne - <==      Total: 1
2024-05-04 11:45:13.498 [restartedMain] "  " DEBUG com.recruit.mapper.PermissionMapper.selectOne - ==>  Preparing: SELECT id,name,module,mount,create_time,update_time,delete_time FROM permission WHERE delete_time IS NULL AND (name = ? AND module = ?)
2024-05-04 11:45:13.498 [restartedMain] "  " DEBUG com.recruit.mapper.PermissionMapper.selectOne - ==> Parameters: 分配多个权限(String), 管理员(String)
2024-05-04 11:45:13.498 [restartedMain] "  " DEBUG com.recruit.mapper.PermissionMapper.selectOne - <==      Total: 1
2024-05-04 11:45:13.499 [restartedMain] "  " DEBUG com.recruit.mapper.PermissionMapper.selectOne - ==>  Preparing: SELECT id,name,module,mount,create_time,update_time,delete_time FROM permission WHERE delete_time IS NULL AND (name = ? AND module = ?)
2024-05-04 11:45:13.499 [restartedMain] "  " DEBUG com.recruit.mapper.PermissionMapper.selectOne - ==> Parameters: 查询所有权限组(String), 管理员(String)
2024-05-04 11:45:13.500 [restartedMain] "  " DEBUG com.recruit.mapper.PermissionMapper.selectOne - <==      Total: 1
2024-05-04 11:45:13.501 [restartedMain] "  " DEBUG com.recruit.mapper.PermissionMapper.selectOne - ==>  Preparing: SELECT id,name,module,mount,create_time,update_time,delete_time FROM permission WHERE delete_time IS NULL AND (name = ? AND module = ?)
2024-05-04 11:45:13.501 [restartedMain] "  " DEBUG com.recruit.mapper.PermissionMapper.selectOne - ==> Parameters: 面试管理(String), 面试(String)
2024-05-04 11:45:13.501 [restartedMain] "  " DEBUG com.recruit.mapper.PermissionMapper.selectOne - <==      Total: 1
2024-05-04 11:45:13.502 [restartedMain] "  " DEBUG com.recruit.mapper.PermissionMapper.selectOne - ==>  Preparing: SELECT id,name,module,mount,create_time,update_time,delete_time FROM permission WHERE delete_time IS NULL AND (name = ? AND module = ?)
2024-05-04 11:45:13.502 [restartedMain] "  " DEBUG com.recruit.mapper.PermissionMapper.selectOne - ==> Parameters: 新增关注(String), 关注公司(String)
2024-05-04 11:45:13.503 [restartedMain] "  " DEBUG com.recruit.mapper.PermissionMapper.selectOne - <==      Total: 1
2024-05-04 11:45:13.503 [restartedMain] "  " DEBUG com.recruit.mapper.PermissionMapper.selectOne - ==>  Preparing: SELECT id,name,module,mount,create_time,update_time,delete_time FROM permission WHERE delete_time IS NULL AND (name = ? AND module = ?)
2024-05-04 11:45:13.504 [restartedMain] "  " DEBUG com.recruit.mapper.PermissionMapper.selectOne - ==> Parameters: 查询所有可分配的权限(String), 管理员(String)
2024-05-04 11:45:13.504 [restartedMain] "  " DEBUG com.recruit.mapper.PermissionMapper.selectOne - <==      Total: 1
2024-05-04 11:45:13.505 [restartedMain] "  " DEBUG com.recruit.mapper.PermissionMapper.selectOne - ==>  Preparing: SELECT id,name,module,mount,create_time,update_time,delete_time FROM permission WHERE delete_time IS NULL AND (name = ? AND module = ?)
2024-05-04 11:45:13.505 [restartedMain] "  " DEBUG com.recruit.mapper.PermissionMapper.selectOne - ==> Parameters: 更新企业信息(String), 公司(String)
2024-05-04 11:45:13.506 [restartedMain] "  " DEBUG com.recruit.mapper.PermissionMapper.selectOne - <==      Total: 1
2024-05-04 11:45:13.506 [restartedMain] "  " DEBUG com.recruit.mapper.PermissionMapper.selectOne - ==>  Preparing: SELECT id,name,module,mount,create_time,update_time,delete_time FROM permission WHERE delete_time IS NULL AND (name = ? AND module = ?)
2024-05-04 11:45:13.507 [restartedMain] "  " DEBUG com.recruit.mapper.PermissionMapper.selectOne - ==> Parameters: 查看我的关注(String), 关注公司(String)
2024-05-04 11:45:13.507 [restartedMain] "  " DEBUG com.recruit.mapper.PermissionMapper.selectOne - <==      Total: 1
2024-05-04 11:45:13.508 [restartedMain] "  " DEBUG com.recruit.mapper.PermissionMapper.selectOne - ==>  Preparing: SELECT id,name,module,mount,create_time,update_time,delete_time FROM permission WHERE delete_time IS NULL AND (name = ? AND module = ?)
2024-05-04 11:45:13.508 [restartedMain] "  " DEBUG com.recruit.mapper.PermissionMapper.selectOne - ==> Parameters: 简历管理(String), 申请(String)
2024-05-04 11:45:13.509 [restartedMain] "  " DEBUG com.recruit.mapper.PermissionMapper.selectOne - <==      Total: 1
2024-05-04 11:45:13.510 [restartedMain] "  " DEBUG com.recruit.mapper.PermissionMapper.selectOne - ==>  Preparing: SELECT id,name,module,mount,create_time,update_time,delete_time FROM permission WHERE delete_time IS NULL AND (name = ? AND module = ?)
2024-05-04 11:45:13.510 [restartedMain] "  " DEBUG com.recruit.mapper.PermissionMapper.selectOne - ==> Parameters: 面试管理(String), 面试(String)
2024-05-04 11:45:13.510 [restartedMain] "  " DEBUG com.recruit.mapper.PermissionMapper.selectOne - <==      Total: 1
2024-05-04 11:45:13.511 [restartedMain] "  " DEBUG com.recruit.mapper.PermissionMapper.selectOne - ==>  Preparing: SELECT id,name,module,mount,create_time,update_time,delete_time FROM permission WHERE delete_time IS NULL AND (name = ? AND module = ?)
2024-05-04 11:45:13.511 [restartedMain] "  " DEBUG com.recruit.mapper.PermissionMapper.selectOne - ==> Parameters: 简历排序(String), 申请(String)
2024-05-04 11:45:13.512 [restartedMain] "  " DEBUG com.recruit.mapper.PermissionMapper.selectOne - <==      Total: 1
2024-05-04 11:45:13.513 [restartedMain] "  " DEBUG com.recruit.mapper.PermissionMapper.selectOne - ==>  Preparing: SELECT id,name,module,mount,create_time,update_time,delete_time FROM permission WHERE delete_time IS NULL AND (name = ? AND module = ?)
2024-05-04 11:45:13.513 [restartedMain] "  " DEBUG com.recruit.mapper.PermissionMapper.selectOne - ==> Parameters: 企业认证(String), 公司(String)
2024-05-04 11:45:13.513 [restartedMain] "  " DEBUG com.recruit.mapper.PermissionMapper.selectOne - <==      Total: 1
2024-05-04 11:45:13.514 [restartedMain] "  " DEBUG com.recruit.mapper.PermissionMapper.selectOne - ==>  Preparing: SELECT id,name,module,mount,create_time,update_time,delete_time FROM permission WHERE delete_time IS NULL AND (name = ? AND module = ?)
2024-05-04 11:45:13.514 [restartedMain] "  " DEBUG com.recruit.mapper.PermissionMapper.selectOne - ==> Parameters: 添加收藏(String), 收藏职位(String)
2024-05-04 11:45:13.515 [restartedMain] "  " DEBUG com.recruit.mapper.PermissionMapper.selectOne - <==      Total: 1
2024-05-04 11:45:13.516 [restartedMain] "  " DEBUG com.recruit.mapper.PermissionMapper.selectOne - ==>  Preparing: SELECT id,name,module,mount,create_time,update_time,delete_time FROM permission WHERE delete_time IS NULL AND (name = ? AND module = ?)
2024-05-04 11:45:13.516 [restartedMain] "  " DEBUG com.recruit.mapper.PermissionMapper.selectOne - ==> Parameters: 撤销申请(String), 申请(String)
2024-05-04 11:45:13.516 [restartedMain] "  " DEBUG com.recruit.mapper.PermissionMapper.selectOne - <==      Total: 1
2024-05-04 11:45:13.517 [restartedMain] "  " DEBUG com.recruit.mapper.PermissionMapper.selectOne - ==>  Preparing: SELECT id,name,module,mount,create_time,update_time,delete_time FROM permission WHERE delete_time IS NULL AND (name = ? AND module = ?)
2024-05-04 11:45:13.517 [restartedMain] "  " DEBUG com.recruit.mapper.PermissionMapper.selectOne - ==> Parameters: 取消关注(String), 关注公司(String)
2024-05-04 11:45:13.518 [restartedMain] "  " DEBUG com.recruit.mapper.PermissionMapper.selectOne - <==      Total: 1
2024-05-04 11:45:13.519 [restartedMain] "  " DEBUG com.recruit.mapper.PermissionMapper.selectOne - ==>  Preparing: SELECT id,name,module,mount,create_time,update_time,delete_time FROM permission WHERE delete_time IS NULL AND (name = ? AND module = ?)
2024-05-04 11:45:13.519 [restartedMain] "  " DEBUG com.recruit.mapper.PermissionMapper.selectOne - ==> Parameters: 查询所有用户(String), 管理员(String)
2024-05-04 11:45:13.520 [restartedMain] "  " DEBUG com.recruit.mapper.PermissionMapper.selectOne - <==      Total: 1
2024-05-04 11:45:13.521 [restartedMain] "  " DEBUG com.recruit.mapper.PermissionMapper.selectOne - ==>  Preparing: SELECT id,name,module,mount,create_time,update_time,delete_time FROM permission WHERE delete_time IS NULL AND (name = ? AND module = ?)
2024-05-04 11:45:13.521 [restartedMain] "  " DEBUG com.recruit.mapper.PermissionMapper.selectOne - ==> Parameters: 发布职位(String), 职位(String)
2024-05-04 11:45:13.522 [restartedMain] "  " DEBUG com.recruit.mapper.PermissionMapper.selectOne - <==      Total: 1
2024-05-04 11:45:13.523 [restartedMain] "  " DEBUG com.recruit.mapper.PermissionMapper.selectOne - ==>  Preparing: SELECT id,name,module,mount,create_time,update_time,delete_time FROM permission WHERE delete_time IS NULL AND (name = ? AND module = ?)
2024-05-04 11:45:13.523 [restartedMain] "  " DEBUG com.recruit.mapper.PermissionMapper.selectOne - ==> Parameters: 删除多个权限(String), 管理员(String)
2024-05-04 11:45:13.523 [restartedMain] "  " DEBUG com.recruit.mapper.PermissionMapper.selectOne - <==      Total: 1
2024-05-04 11:45:13.524 [restartedMain] "  " DEBUG com.recruit.mapper.PermissionMapper.selectOne - ==>  Preparing: SELECT id,name,module,mount,create_time,update_time,delete_time FROM permission WHERE delete_time IS NULL AND (name = ? AND module = ?)
2024-05-04 11:45:13.524 [restartedMain] "  " DEBUG com.recruit.mapper.PermissionMapper.selectOne - ==> Parameters: 取消收藏(String), 收藏职位(String)
2024-05-04 11:45:13.525 [restartedMain] "  " DEBUG com.recruit.mapper.PermissionMapper.selectOne - <==      Total: 1
2024-05-04 11:45:13.526 [restartedMain] "  " DEBUG com.recruit.mapper.PermissionMapper.selectOne - ==>  Preparing: SELECT id,name,module,mount,create_time,update_time,delete_time FROM permission WHERE delete_time IS NULL AND (name = ? AND module = ?)
2024-05-04 11:45:13.526 [restartedMain] "  " DEBUG com.recruit.mapper.PermissionMapper.selectOne - ==> Parameters: 面试管理(String), 面试(String)
2024-05-04 11:45:13.527 [restartedMain] "  " DEBUG com.recruit.mapper.PermissionMapper.selectOne - <==      Total: 1
2024-05-04 11:45:13.527 [restartedMain] "  " DEBUG com.recruit.mapper.PermissionMapper.selectOne - ==>  Preparing: SELECT id,name,module,mount,create_time,update_time,delete_time FROM permission WHERE delete_time IS NULL AND (name = ? AND module = ?)
2024-05-04 11:45:13.528 [restartedMain] "  " DEBUG com.recruit.mapper.PermissionMapper.selectOne - ==> Parameters: 发布职位(String), 职位(String)
2024-05-04 11:45:13.528 [restartedMain] "  " DEBUG com.recruit.mapper.PermissionMapper.selectOne - <==      Total: 1
2024-05-04 11:45:13.529 [restartedMain] "  " DEBUG com.recruit.mapper.PermissionMapper.selectOne - ==>  Preparing: SELECT id,name,module,mount,create_time,update_time,delete_time FROM permission WHERE delete_time IS NULL AND (name = ? AND module = ?)
2024-05-04 11:45:13.529 [restartedMain] "  " DEBUG com.recruit.mapper.PermissionMapper.selectOne - ==> Parameters: 分配单个权限(String), 管理员(String)
2024-05-04 11:45:13.529 [restartedMain] "  " DEBUG com.recruit.mapper.PermissionMapper.selectOne - <==      Total: 1
2024-05-04 11:45:13.530 [restartedMain] "  " DEBUG com.recruit.mapper.PermissionMapper.selectOne - ==>  Preparing: SELECT id,name,module,mount,create_time,update_time,delete_time FROM permission WHERE delete_time IS NULL AND (name = ? AND module = ?)
2024-05-04 11:45:13.530 [restartedMain] "  " DEBUG com.recruit.mapper.PermissionMapper.selectOne - ==> Parameters: 面试管理(String), 面试(String)
2024-05-04 11:45:13.530 [restartedMain] "  " DEBUG com.recruit.mapper.PermissionMapper.selectOne - <==      Total: 1
2024-05-04 11:45:13.531 [restartedMain] "  " DEBUG com.recruit.mapper.PermissionMapper.selectOne - ==>  Preparing: SELECT id,name,module,mount,create_time,update_time,delete_time FROM permission WHERE delete_time IS NULL AND (name = ? AND module = ?)
2024-05-04 11:45:13.531 [restartedMain] "  " DEBUG com.recruit.mapper.PermissionMapper.selectOne - ==> Parameters: 投递简历(String), 申请(String)
2024-05-04 11:45:13.532 [restartedMain] "  " DEBUG com.recruit.mapper.PermissionMapper.selectOne - <==      Total: 1
2024-05-04 11:45:13.532 [restartedMain] "  " DEBUG com.recruit.mapper.PermissionMapper.selectOne - ==>  Preparing: SELECT id,name,module,mount,create_time,update_time,delete_time FROM permission WHERE delete_time IS NULL AND (name = ? AND module = ?)
2024-05-04 11:45:13.532 [restartedMain] "  " DEBUG com.recruit.mapper.PermissionMapper.selectOne - ==> Parameters: 创建简历(String), 简历(String)
2024-05-04 11:45:13.535 [restartedMain] "  " DEBUG com.recruit.mapper.PermissionMapper.selectOne - <==      Total: 1
2024-05-04 11:45:13.536 [restartedMain] "  " DEBUG com.recruit.mapper.PermissionMapper.selectOne - ==>  Preparing: SELECT id,name,module,mount,create_time,update_time,delete_time FROM permission WHERE delete_time IS NULL AND (name = ? AND module = ?)
2024-05-04 11:45:13.536 [restartedMain] "  " DEBUG com.recruit.mapper.PermissionMapper.selectOne - ==> Parameters: 管理员更新用户信息(String), 管理员(String)
2024-05-04 11:45:13.537 [restartedMain] "  " DEBUG com.recruit.mapper.PermissionMapper.selectOne - <==      Total: 1
2024-05-04 11:45:13.537 [restartedMain] "  " DEBUG com.recruit.mapper.PermissionMapper.selectOne - ==>  Preparing: SELECT id,name,module,mount,create_time,update_time,delete_time FROM permission WHERE delete_time IS NULL AND (name = ? AND module = ?)
2024-05-04 11:45:13.538 [restartedMain] "  " DEBUG com.recruit.mapper.PermissionMapper.selectOne - ==> Parameters: 撤销申请(String), 申请(String)
2024-05-04 11:45:13.538 [restartedMain] "  " DEBUG com.recruit.mapper.PermissionMapper.selectOne - <==      Total: 1
2024-05-04 11:45:13.539 [restartedMain] "  " DEBUG com.recruit.mapper.PermissionMapper.selectOne - ==>  Preparing: SELECT id,name,module,mount,create_time,update_time,delete_time FROM permission WHERE delete_time IS NULL AND (name = ? AND module = ?)
2024-05-04 11:45:13.539 [restartedMain] "  " DEBUG com.recruit.mapper.PermissionMapper.selectOne - ==> Parameters: 新建权限组(String), 管理员(String)
2024-05-04 11:45:13.539 [restartedMain] "  " DEBUG com.recruit.mapper.PermissionMapper.selectOne - <==      Total: 1
2024-05-04 11:45:13.540 [restartedMain] "  " DEBUG com.recruit.mapper.PermissionMapper.selectOne - ==>  Preparing: SELECT id,name,module,mount,create_time,update_time,delete_time FROM permission WHERE delete_time IS NULL AND (name = ? AND module = ?)
2024-05-04 11:45:13.540 [restartedMain] "  " DEBUG com.recruit.mapper.PermissionMapper.selectOne - ==> Parameters: 面试管理(String), 面试(String)
2024-05-04 11:45:13.541 [restartedMain] "  " DEBUG com.recruit.mapper.PermissionMapper.selectOne - <==      Total: 1
2024-05-04 11:45:13.541 [restartedMain] "  " DEBUG com.recruit.mapper.PermissionMapper.selectOne - ==>  Preparing: SELECT id,name,module,mount,create_time,update_time,delete_time FROM permission WHERE delete_time IS NULL AND (name = ? AND module = ?)
2024-05-04 11:45:13.541 [restartedMain] "  " DEBUG com.recruit.mapper.PermissionMapper.selectOne - ==> Parameters: 管理员更新用户信息(String), 管理员(String)
2024-05-04 11:45:13.542 [restartedMain] "  " DEBUG com.recruit.mapper.PermissionMapper.selectOne - <==      Total: 1
2024-05-04 11:45:13.542 [restartedMain] "  " DEBUG com.recruit.mapper.PermissionMapper.selectOne - ==>  Preparing: SELECT id,name,module,mount,create_time,update_time,delete_time FROM permission WHERE delete_time IS NULL AND (name = ? AND module = ?)
2024-05-04 11:45:13.543 [restartedMain] "  " DEBUG com.recruit.mapper.PermissionMapper.selectOne - ==> Parameters: 查询所有用户(String), 管理员(String)
2024-05-04 11:45:13.543 [restartedMain] "  " DEBUG com.recruit.mapper.PermissionMapper.selectOne - <==      Total: 1
2024-05-04 11:45:13.544 [restartedMain] "  " DEBUG com.recruit.mapper.PermissionMapper.selectOne - ==>  Preparing: SELECT id,name,module,mount,create_time,update_time,delete_time FROM permission WHERE delete_time IS NULL AND (name = ? AND module = ?)
2024-05-04 11:45:13.544 [restartedMain] "  " DEBUG com.recruit.mapper.PermissionMapper.selectOne - ==> Parameters: 查询日志记录的用户(String), 日志(String)
2024-05-04 11:45:13.544 [restartedMain] "  " DEBUG com.recruit.mapper.PermissionMapper.selectOne - <==      Total: 1
2024-05-04 11:45:13.545 [restartedMain] "  " DEBUG com.recruit.mapper.PermissionMapper.selectOne - ==>  Preparing: SELECT id,name,module,mount,create_time,update_time,delete_time FROM permission WHERE delete_time IS NULL AND (name = ? AND module = ?)
2024-05-04 11:45:13.545 [restartedMain] "  " DEBUG com.recruit.mapper.PermissionMapper.selectOne - ==> Parameters: 更新简历(String), 简历(String)
2024-05-04 11:45:13.545 [restartedMain] "  " DEBUG com.recruit.mapper.PermissionMapper.selectOne - <==      Total: 1
2024-05-04 11:45:13.546 [restartedMain] "  " DEBUG com.recruit.mapper.PermissionMapper.selectOne - ==>  Preparing: SELECT id,name,module,mount,create_time,update_time,delete_time FROM permission WHERE delete_time IS NULL AND (name = ? AND module = ?)
2024-05-04 11:45:13.546 [restartedMain] "  " DEBUG com.recruit.mapper.PermissionMapper.selectOne - ==> Parameters: 面试管理(String), 面试(String)
2024-05-04 11:45:13.546 [restartedMain] "  " DEBUG com.recruit.mapper.PermissionMapper.selectOne - <==      Total: 1
2024-05-04 11:45:13.547 [restartedMain] "  " DEBUG com.recruit.mapper.PermissionMapper.selectOne - ==>  Preparing: SELECT id,name,module,mount,create_time,update_time,delete_time FROM permission WHERE delete_time IS NULL AND (name = ? AND module = ?)
2024-05-04 11:45:13.547 [restartedMain] "  " DEBUG com.recruit.mapper.PermissionMapper.selectOne - ==> Parameters: 更新分类(String), 职位分类(String)
2024-05-04 11:45:13.547 [restartedMain] "  " DEBUG com.recruit.mapper.PermissionMapper.selectOne - <==      Total: 1
2024-05-04 11:45:13.548 [restartedMain] "  " DEBUG com.recruit.mapper.PermissionMapper.selectOne - ==>  Preparing: SELECT id,name,module,mount,create_time,update_time,delete_time FROM permission WHERE delete_time IS NULL AND (name = ? AND module = ?)
2024-05-04 11:45:13.548 [restartedMain] "  " DEBUG com.recruit.mapper.PermissionMapper.selectOne - ==> Parameters: 下架职位(String), 职位(String)
2024-05-04 11:45:13.549 [restartedMain] "  " DEBUG com.recruit.mapper.PermissionMapper.selectOne - <==      Total: 1
2024-05-04 11:45:13.549 [restartedMain] "  " DEBUG com.recruit.mapper.PermissionMapper.selectOne - ==>  Preparing: SELECT id,name,module,mount,create_time,update_time,delete_time FROM permission WHERE delete_time IS NULL AND (name = ? AND module = ?)
2024-05-04 11:45:13.549 [restartedMain] "  " DEBUG com.recruit.mapper.PermissionMapper.selectOne - ==> Parameters: 更新分类(String), 职位分类(String)
2024-05-04 11:45:13.550 [restartedMain] "  " DEBUG com.recruit.mapper.PermissionMapper.selectOne - <==      Total: 1
2024-05-04 11:45:13.550 [restartedMain] "  " DEBUG com.recruit.mapper.PermissionMapper.selectOne - ==>  Preparing: SELECT id,name,module,mount,create_time,update_time,delete_time FROM permission WHERE delete_time IS NULL AND (name = ? AND module = ?)
2024-05-04 11:45:13.551 [restartedMain] "  " DEBUG com.recruit.mapper.PermissionMapper.selectOne - ==> Parameters: 查看分类列表(String), 职位分类(String)
2024-05-04 11:45:13.551 [restartedMain] "  " DEBUG com.recruit.mapper.PermissionMapper.selectOne - <==      Total: 1
2024-05-04 11:45:13.552 [restartedMain] "  " DEBUG com.recruit.mapper.PermissionMapper.selectOne - ==>  Preparing: SELECT id,name,module,mount,create_time,update_time,delete_time FROM permission WHERE delete_time IS NULL AND (name = ? AND module = ?)
2024-05-04 11:45:13.552 [restartedMain] "  " DEBUG com.recruit.mapper.PermissionMapper.selectOne - ==> Parameters: 查询所有权限组及其权限(String), 管理员(String)
2024-05-04 11:45:13.552 [restartedMain] "  " DEBUG com.recruit.mapper.PermissionMapper.selectOne - <==      Total: 1
2024-05-04 11:45:13.553 [restartedMain] "  " DEBUG com.recruit.mapper.PermissionMapper.selectOne - ==>  Preparing: SELECT id,name,module,mount,create_time,update_time,delete_time FROM permission WHERE delete_time IS NULL AND (name = ? AND module = ?)
2024-05-04 11:45:13.553 [restartedMain] "  " DEBUG com.recruit.mapper.PermissionMapper.selectOne - ==> Parameters: 修改用户密码(String), 管理员(String)
2024-05-04 11:45:13.554 [restartedMain] "  " DEBUG com.recruit.mapper.PermissionMapper.selectOne - <==      Total: 1
2024-05-04 11:45:13.554 [restartedMain] "  " DEBUG com.recruit.mapper.PermissionMapper.selectOne - ==>  Preparing: SELECT id,name,module,mount,create_time,update_time,delete_time FROM permission WHERE delete_time IS NULL AND (name = ? AND module = ?)
2024-05-04 11:45:13.555 [restartedMain] "  " DEBUG com.recruit.mapper.PermissionMapper.selectOne - ==> Parameters: 修改用户密码(String), 管理员(String)
2024-05-04 11:45:13.555 [restartedMain] "  " DEBUG com.recruit.mapper.PermissionMapper.selectOne - <==      Total: 1
2024-05-04 11:45:13.556 [restartedMain] "  " DEBUG com.recruit.mapper.PermissionMapper.selectOne - ==>  Preparing: SELECT id,name,module,mount,create_time,update_time,delete_time FROM permission WHERE delete_time IS NULL AND (name = ? AND module = ?)
2024-05-04 11:45:13.556 [restartedMain] "  " DEBUG com.recruit.mapper.PermissionMapper.selectOne - ==> Parameters: 取消关注(String), 关注公司(String)
2024-05-04 11:45:13.557 [restartedMain] "  " DEBUG com.recruit.mapper.PermissionMapper.selectOne - <==      Total: 1
2024-05-04 11:45:13.557 [restartedMain] "  " DEBUG com.recruit.mapper.PermissionMapper.selectOne - ==>  Preparing: SELECT id,name,module,mount,create_time,update_time,delete_time FROM permission WHERE delete_time IS NULL AND (name = ? AND module = ?)
2024-05-04 11:45:13.557 [restartedMain] "  " DEBUG com.recruit.mapper.PermissionMapper.selectOne - ==> Parameters: 查看我的收藏(String), 收藏职位(String)
2024-05-04 11:45:13.558 [restartedMain] "  " DEBUG com.recruit.mapper.PermissionMapper.selectOne - <==      Total: 1
2024-05-04 11:45:13.559 [restartedMain] "  " DEBUG com.recruit.mapper.PermissionMapper.selectOne - ==>  Preparing: SELECT id,name,module,mount,create_time,update_time,delete_time FROM permission WHERE delete_time IS NULL AND (name = ? AND module = ?)
2024-05-04 11:45:13.559 [restartedMain] "  " DEBUG com.recruit.mapper.PermissionMapper.selectOne - ==> Parameters: 查询所有权限组及其权限(String), 管理员(String)
2024-05-04 11:45:13.559 [restartedMain] "  " DEBUG com.recruit.mapper.PermissionMapper.selectOne - <==      Total: 1
2024-05-04 11:45:13.560 [restartedMain] "  " DEBUG com.recruit.mapper.PermissionMapper.selectOne - ==>  Preparing: SELECT id,name,module,mount,create_time,update_time,delete_time FROM permission WHERE delete_time IS NULL AND (name = ? AND module = ?)
2024-05-04 11:45:13.560 [restartedMain] "  " DEBUG com.recruit.mapper.PermissionMapper.selectOne - ==> Parameters: 查询所有日志(String), 日志(String)
2024-05-04 11:45:13.561 [restartedMain] "  " DEBUG com.recruit.mapper.PermissionMapper.selectOne - <==      Total: 1
2024-05-04 11:45:13.561 [restartedMain] "  " DEBUG com.recruit.mapper.PermissionMapper.selectOne - ==>  Preparing: SELECT id,name,module,mount,create_time,update_time,delete_time FROM permission WHERE delete_time IS NULL AND (name = ? AND module = ?)
2024-05-04 11:45:13.562 [restartedMain] "  " DEBUG com.recruit.mapper.PermissionMapper.selectOne - ==> Parameters: 查看我的收藏(String), 收藏职位(String)
2024-05-04 11:45:13.562 [restartedMain] "  " DEBUG com.recruit.mapper.PermissionMapper.selectOne - <==      Total: 1
2024-05-04 11:45:13.563 [restartedMain] "  " DEBUG com.recruit.mapper.PermissionMapper.selectOne - ==>  Preparing: SELECT id,name,module,mount,create_time,update_time,delete_time FROM permission WHERE delete_time IS NULL AND (name = ? AND module = ?)
2024-05-04 11:45:13.563 [restartedMain] "  " DEBUG com.recruit.mapper.PermissionMapper.selectOne - ==> Parameters: 更新一个权限组(String), 管理员(String)
2024-05-04 11:45:13.563 [restartedMain] "  " DEBUG com.recruit.mapper.PermissionMapper.selectOne - <==      Total: 1
2024-05-04 11:45:13.564 [restartedMain] "  " DEBUG com.recruit.mapper.PermissionMapper.selectOne - ==>  Preparing: SELECT id,name,module,mount,create_time,update_time,delete_time FROM permission WHERE delete_time IS NULL AND (name = ? AND module = ?)
2024-05-04 11:45:13.564 [restartedMain] "  " DEBUG com.recruit.mapper.PermissionMapper.selectOne - ==> Parameters: 查看分类列表(String), 职位分类(String)
2024-05-04 11:45:13.564 [restartedMain] "  " DEBUG com.recruit.mapper.PermissionMapper.selectOne - <==      Total: 1
2024-05-04 11:45:13.565 [restartedMain] "  " DEBUG com.recruit.mapper.PermissionMapper.selectOne - ==>  Preparing: SELECT id,name,module,mount,create_time,update_time,delete_time FROM permission WHERE delete_time IS NULL AND (name = ? AND module = ?)
2024-05-04 11:45:13.565 [restartedMain] "  " DEBUG com.recruit.mapper.PermissionMapper.selectOne - ==> Parameters: 我的面试(String), 面试(String)
2024-05-04 11:45:13.566 [restartedMain] "  " DEBUG com.recruit.mapper.PermissionMapper.selectOne - <==      Total: 1
2024-05-04 11:45:13.568 [restartedMain] "  " DEBUG com.recruit.mapper.PermissionMapper.selectList - ==>  Preparing: SELECT id,name,module,mount,create_time,update_time,delete_time FROM permission WHERE delete_time IS NULL
2024-05-04 11:45:13.568 [restartedMain] "  " DEBUG com.recruit.mapper.PermissionMapper.selectList - ==> Parameters: 
2024-05-04 11:45:13.571 [restartedMain] "  " DEBUG com.recruit.mapper.PermissionMapper.selectList - <==      Total: 54
2024-05-04 11:45:13.573 [restartedMain] "  " DEBUG com.recruit.mapper.PermissionMapper.updateById - ==>  Preparing: UPDATE permission SET name=?, module=?, mount=?, create_time=?, update_time=? WHERE id=? AND delete_time IS NULL
2024-05-04 11:45:13.577 [restartedMain] "  " DEBUG com.recruit.mapper.PermissionMapper.updateById - ==> Parameters: 查看简历详情(String), 简历(String), true(Boolean), 2021-04-16 08:35:54.021(Timestamp), 2022-09-25 00:39:32.478(Timestamp), 8(Integer)
2024-05-04 11:45:13.578 [restartedMain] "  " DEBUG com.recruit.mapper.PermissionMapper.updateById - <==    Updates: 1
2024-05-04 11:45:13.579 [restartedMain] "  " DEBUG com.recruit.mapper.PermissionMapper.updateById - ==>  Preparing: UPDATE permission SET name=?, module=?, mount=?, create_time=?, update_time=? WHERE id=? AND delete_time IS NULL
2024-05-04 11:45:13.579 [restartedMain] "  " DEBUG com.recruit.mapper.PermissionMapper.updateById - ==> Parameters: 职位审核(String), 职位(String), true(Boolean), 2021-04-16 09:34:30.746(Timestamp), 2022-09-25 00:39:32.482(Timestamp), 10(Integer)
2024-05-04 11:45:13.579 [restartedMain] "  " DEBUG com.recruit.mapper.PermissionMapper.updateById - <==    Updates: 1
2024-05-04 11:45:13.580 [restartedMain] "  " DEBUG com.recruit.mapper.PermissionMapper.updateById - ==>  Preparing: UPDATE permission SET name=?, module=?, mount=?, create_time=?, update_time=? WHERE id=? AND delete_time IS NULL
2024-05-04 11:45:13.580 [restartedMain] "  " DEBUG com.recruit.mapper.PermissionMapper.updateById - ==> Parameters: 查看职位详细信息(String), 职位(String), true(Boolean), 2021-04-16 09:34:30.843(Timestamp), 2022-09-25 00:39:32.486(Timestamp), 12(Integer)
2024-05-04 11:45:13.580 [restartedMain] "  " DEBUG com.recruit.mapper.PermissionMapper.updateById - <==    Updates: 1
2024-05-04 11:45:13.581 [restartedMain] "  " DEBUG com.recruit.mapper.PermissionMapper.updateById - ==>  Preparing: UPDATE permission SET name=?, module=?, mount=?, create_time=?, update_time=? WHERE id=? AND delete_time IS NULL
2024-05-04 11:45:13.581 [restartedMain] "  " DEBUG com.recruit.mapper.PermissionMapper.updateById - ==> Parameters: 企业审核(String), 公司(String), true(Boolean), 2021-04-16 09:40:34.825(Timestamp), 2022-09-25 00:39:32.497(Timestamp), 17(Integer)
2024-05-04 11:45:13.582 [restartedMain] "  " DEBUG com.recruit.mapper.PermissionMapper.updateById - <==    Updates: 1
2024-05-04 11:45:13.582 [restartedMain] "  " DEBUG com.recruit.mapper.PermissionMapper.updateById - ==>  Preparing: UPDATE permission SET name=?, module=?, mount=?, create_time=?, update_time=? WHERE id=? AND delete_time IS NULL
2024-05-04 11:45:13.582 [restartedMain] "  " DEBUG com.recruit.mapper.PermissionMapper.updateById - ==> Parameters: 用户列表(String), 管理员(String), true(Boolean), 2022-04-10 07:51:53.107(Timestamp), 2022-09-25 00:39:32.579(Timestamp), 55(Integer)
2024-05-04 11:45:13.583 [restartedMain] "  " DEBUG com.recruit.mapper.PermissionMapper.updateById - <==    Updates: 1
2024-05-04 11:45:13.583 [restartedMain] "  " DEBUG com.recruit.mapper.PermissionMapper.updateById - ==>  Preparing: UPDATE permission SET name=?, module=?, mount=?, create_time=?, update_time=? WHERE id=? AND delete_time IS NULL
2024-05-04 11:45:13.584 [restartedMain] "  " DEBUG com.recruit.mapper.PermissionMapper.updateById - ==> Parameters: 管理员(String), 管理员(String), true(Boolean), 2022-04-10 07:56:39.29(Timestamp), 2022-09-25 00:39:32.581(Timestamp), 56(Integer)
2024-05-04 11:45:13.584 [restartedMain] "  " DEBUG com.recruit.mapper.PermissionMapper.updateById - <==    Updates: 1
2024-05-04 11:45:13.584 [restartedMain] "  " DEBUG com.recruit.mapper.PermissionMapper.updateById - ==>  Preparing: UPDATE permission SET name=?, module=?, mount=?, create_time=?, update_time=? WHERE id=? AND delete_time IS NULL
2024-05-04 11:45:13.585 [restartedMain] "  " DEBUG com.recruit.mapper.PermissionMapper.updateById - ==> Parameters: 我的沟通(String), 沟通(String), true(Boolean), 2022-09-24 04:56:30.133(Timestamp), 2022-09-25 01:18:06.321(Timestamp), 57(Integer)
2024-05-04 11:45:13.585 [restartedMain] "  " DEBUG com.recruit.mapper.PermissionMapper.updateById - <==    Updates: 1
2024-05-04 11:45:13.586 [restartedMain] "  " DEBUG com.recruit.mapper.PermissionMapper.updateById - ==>  Preparing: UPDATE permission SET name=?, module=?, mount=?, create_time=?, update_time=? WHERE id=? AND delete_time IS NULL
2024-05-04 11:45:13.587 [restartedMain] "  " DEBUG com.recruit.mapper.PermissionMapper.updateById - ==> Parameters: 我的沟通(String), 沟通(String), true(Boolean), 2022-09-24 04:56:30.133(Timestamp), 2022-09-25 01:18:06.321(Timestamp), 58(Integer)
2024-05-04 11:45:13.587 [restartedMain] "  " DEBUG com.recruit.mapper.PermissionMapper.updateById - <==    Updates: 1
2024-05-04 11:46:40.433 [http-nio-5000-exec-1] "  " DEBUG org.springframework.web.servlet.DispatcherServlet - Detected StandardServletMultipartResolver
2024-05-04 11:46:40.440 [http-nio-5000-exec-1] "  " DEBUG org.springframework.web.servlet.DispatcherServlet - enableLoggingRequestDetails='false': request parameters and headers will be masked to prevent unsafe logging of potentially sensitive data
2024-05-04 11:46:40.454 [http-nio-5000-exec-4] "OPTIONS /recruit/notify HTTP/1.1" DEBUG org.springframework.web.servlet.DispatcherServlet - OPTIONS "/recruit/notify?userName=%E5%88%98%E5%90%8C%E5%AD%A6&isRead=false", parameters={masked}
2024-05-04 11:46:40.454 [http-nio-5000-exec-3] "OPTIONS /recruit/position/page/1 HTTP/1.1" DEBUG org.springframework.web.servlet.DispatcherServlet - OPTIONS "/recruit/position/page/1?page=0&count=10", parameters={masked}
2024-05-04 11:46:40.457 [http-nio-5000-exec-4] "OPTIONS /recruit/notify HTTP/1.1" DEBUG o.s.w.s.m.m.a.RequestMappingHandlerMapping - Mapped to com.recruit.controller.NotifyController#get(String, String)
2024-05-04 11:46:40.457 [http-nio-5000-exec-3] "OPTIONS /recruit/position/page/1 HTTP/1.1" DEBUG o.s.w.s.m.m.a.RequestMappingHandlerMapping - Mapped to com.recruit.controller.PositionController#page(Integer, Integer, Integer)
2024-05-04 11:46:40.469 [http-nio-5000-exec-4] "OPTIONS /recruit/notify HTTP/1.1" DEBUG org.springframework.web.servlet.DispatcherServlet - Completed 200 OK
2024-05-04 11:46:40.469 [http-nio-5000-exec-3] "OPTIONS /recruit/position/page/1 HTTP/1.1" DEBUG org.springframework.web.servlet.DispatcherServlet - Completed 200 OK
2024-05-04 11:46:40.480 [http-nio-5000-exec-10] "GET /recruit/position/page/1 HTTP/1.1" DEBUG org.springframework.web.servlet.DispatcherServlet - GET "/recruit/position/page/1?page=0&count=10", parameters={masked}
2024-05-04 11:46:40.480 [http-nio-5000-exec-2] "GET /recruit/notify HTTP/1.1" DEBUG org.springframework.web.servlet.DispatcherServlet - GET "/recruit/notify?userName=%E5%88%98%E5%90%8C%E5%AD%A6&isRead=false", parameters={masked}
2024-05-04 11:46:40.480 [http-nio-5000-exec-2] "GET /recruit/notify HTTP/1.1" DEBUG o.s.w.s.m.m.a.RequestMappingHandlerMapping - Mapped to com.recruit.controller.NotifyController#get(String, String)
2024-05-04 11:46:40.481 [http-nio-5000-exec-10] "GET /recruit/position/page/1 HTTP/1.1" DEBUG o.s.w.s.m.m.a.RequestMappingHandlerMapping - Mapped to com.recruit.controller.PositionController#page(Integer, Integer, Integer)
2024-05-04 11:46:40.505 [http-nio-5000-exec-2] "GET /recruit/notify HTTP/1.1" DEBUG com.recruit.mapper.UserMapper.selectOne - ==>  Preparing: SELECT id,username,nickname,avatar,email,tel,create_time,update_time,delete_time FROM `user` WHERE delete_time IS NULL AND (nickname = ?)
2024-05-04 11:46:40.505 [http-nio-5000-exec-2] "GET /recruit/notify HTTP/1.1" DEBUG com.recruit.mapper.UserMapper.selectOne - ==> Parameters: 刘同学(String)
2024-05-04 11:46:40.514 [http-nio-5000-exec-2] "GET /recruit/notify HTTP/1.1" DEBUG com.recruit.mapper.UserMapper.selectOne - <==      Total: 1
2024-05-04 11:46:40.515 [http-nio-5000-exec-2] "GET /recruit/notify HTTP/1.1" DEBUG com.recruit.mapper.NotifyMapper.selectList - ==>  Preparing: SELECT id,content,user_name,is_read,time,create_time,update_time,delete_time FROM notify WHERE delete_time IS NULL AND (user_name = ? AND is_read = ?)
2024-05-04 11:46:40.515 [http-nio-5000-exec-2] "GET /recruit/notify HTTP/1.1" DEBUG com.recruit.mapper.NotifyMapper.selectList - ==> Parameters: user(String), false(String)
2024-05-04 11:46:40.522 [http-nio-5000-exec-10] "GET /recruit/position/page/1 HTTP/1.1" DEBUG com.recruit.mapper.PositionMapper.getPage - ==>  Preparing: SELECT COUNT(1) FROM position p LEFT JOIN company c ON p.company_id = c.id LEFT JOIN category ca ON p.category_id = ca.id WHERE p.state = ? AND p.delete_time IS NULL
2024-05-04 11:46:40.523 [http-nio-5000-exec-10] "GET /recruit/position/page/1 HTTP/1.1" DEBUG com.recruit.mapper.PositionMapper.getPage - ==> Parameters: 1(Integer)
2024-05-04 11:46:40.524 [http-nio-5000-exec-2] "GET /recruit/notify HTTP/1.1" DEBUG com.recruit.mapper.NotifyMapper.selectList - <==      Total: 10
2024-05-04 11:46:40.531 [http-nio-5000-exec-2] "GET /recruit/notify HTTP/1.1" DEBUG o.s.w.s.m.m.a.RequestResponseBodyMethodProcessor - Using 'application/json', given [application/json, text/plain, */*] and supported [application/json, application/*+json, application/json, application/*+json]
2024-05-04 11:46:40.532 [http-nio-5000-exec-2] "GET /recruit/notify HTTP/1.1" DEBUG o.s.w.s.m.m.a.RequestResponseBodyMethodProcessor - Writing [[NotifyDO(content=阿里巴巴发布了职位——Java工程师，快去看看吧！, userName=user, isRead=false, time=Mon Apr 18 05:58:02 C (truncated)...]
2024-05-04 11:46:40.549 [http-nio-5000-exec-10] "GET /recruit/position/page/1 HTTP/1.1" DEBUG com.recruit.mapper.PositionMapper.getPage - ==>  Preparing: SELECT p.*,c.id as company_id,c.name as company_name,c.description as company_desc,ca.id as category_id,ca.name as category_name FROM position p left join company c on p.company_id = c.id left join category ca on p.category_id = ca.id where p.state = ? and p.delete_time is null LIMIT ?
2024-05-04 11:46:40.549 [http-nio-5000-exec-10] "GET /recruit/position/page/1 HTTP/1.1" DEBUG com.recruit.mapper.PositionMapper.getPage - ==> Parameters: 1(Integer), 10(Long)
2024-05-04 11:46:40.553 [http-nio-5000-exec-10] "GET /recruit/position/page/1 HTTP/1.1" DEBUG com.recruit.mapper.PositionMapper.getPage - <==      Total: 10
2024-05-04 11:46:40.562 [http-nio-5000-exec-10] "GET /recruit/position/page/1 HTTP/1.1" DEBUG o.s.w.s.m.m.a.RequestResponseBodyMethodProcessor - Using 'application/json', given [application/json, text/plain, */*] and supported [application/json, application/*+json, application/json, application/*+json]
2024-05-04 11:46:40.563 [http-nio-5000-exec-10] "GET /recruit/position/page/1 HTTP/1.1" DEBUG o.s.w.s.m.m.a.RequestResponseBodyMethodProcessor - Writing [PageResponseVO(total=47, items=[PositionResultDO(CategoryName=Java开发, CompanyName=阿里巴巴, CompanyDesc= (truncated)...]
2024-05-04 11:46:40.567 [http-nio-5000-exec-2] "GET /recruit/notify HTTP/1.1" DEBUG org.springframework.web.servlet.DispatcherServlet - Completed 200 OK
2024-05-04 11:46:40.568 [http-nio-5000-exec-10] "GET /recruit/position/page/1 HTTP/1.1" DEBUG org.springframework.web.servlet.DispatcherServlet - Completed 200 OK
2024-05-04 11:46:42.075 [http-nio-5000-exec-6] "OPTIONS /recruit/user/getGroup/4 HTTP/1.1" DEBUG org.springframework.web.servlet.DispatcherServlet - OPTIONS "/recruit/user/getGroup/4", parameters={}
2024-05-04 11:46:42.075 [http-nio-5000-exec-7] "OPTIONS /recruit/company/page/1 HTTP/1.1" DEBUG org.springframework.web.servlet.DispatcherServlet - OPTIONS "/recruit/company/page/1?page=0&count=10", parameters={masked}
2024-05-04 11:46:42.076 [http-nio-5000-exec-6] "OPTIONS /recruit/user/getGroup/4 HTTP/1.1" DEBUG o.s.w.s.m.m.a.RequestMappingHandlerMapping - Mapped to com.recruit.controller.UserController#getUserGroup(Integer)
2024-05-04 11:46:42.076 [http-nio-5000-exec-7] "OPTIONS /recruit/company/page/1 HTTP/1.1" DEBUG o.s.w.s.m.m.a.RequestMappingHandlerMapping - Mapped to com.recruit.controller.CompanyController#page(Integer, Integer, Integer)
2024-05-04 11:46:42.077 [http-nio-5000-exec-6] "OPTIONS /recruit/user/getGroup/4 HTTP/1.1" DEBUG org.springframework.web.servlet.DispatcherServlet - Completed 200 OK
2024-05-04 11:46:42.077 [http-nio-5000-exec-7] "OPTIONS /recruit/company/page/1 HTTP/1.1" DEBUG org.springframework.web.servlet.DispatcherServlet - Completed 200 OK
2024-05-04 11:46:42.080 [http-nio-5000-exec-8] "OPTIONS /recruit/position/page/keyword HTTP/1.1" DEBUG org.springframework.web.servlet.DispatcherServlet - OPTIONS "/recruit/position/page/keyword?page=0&count=12&keyword=", parameters={masked}
2024-05-04 11:46:42.080 [http-nio-5000-exec-9] "OPTIONS /recruit/category HTTP/1.1" DEBUG org.springframework.web.servlet.DispatcherServlet - OPTIONS "/recruit/category", parameters={}
2024-05-04 11:46:42.080 [http-nio-5000-exec-5] "OPTIONS /recruit/company/find HTTP/1.1" DEBUG org.springframework.web.servlet.DispatcherServlet - OPTIONS "/recruit/company/find", parameters={}
2024-05-04 11:46:42.081 [http-nio-5000-exec-9] "OPTIONS /recruit/category HTTP/1.1" DEBUG o.s.w.s.m.m.a.RequestMappingHandlerMapping - Mapped to com.recruit.controller.CategoryController#getAll()
2024-05-04 11:46:42.081 [http-nio-5000-exec-8] "OPTIONS /recruit/position/page/keyword HTTP/1.1" DEBUG o.s.w.s.m.m.a.RequestMappingHandlerMapping - Mapped to com.recruit.controller.PositionController#pageKeyword(Integer, Integer, String)
2024-05-04 11:46:42.081 [http-nio-5000-exec-5] "OPTIONS /recruit/company/find HTTP/1.1" DEBUG o.s.w.s.m.m.a.RequestMappingHandlerMapping - Mapped to com.recruit.controller.CompanyController#findHot()
2024-05-04 11:46:42.081 [http-nio-5000-exec-5] "OPTIONS /recruit/company/find HTTP/1.1" DEBUG org.springframework.web.servlet.DispatcherServlet - Completed 200 OK
2024-05-04 11:46:42.081 [http-nio-5000-exec-8] "OPTIONS /recruit/position/page/keyword HTTP/1.1" DEBUG org.springframework.web.servlet.DispatcherServlet - Completed 200 OK
2024-05-04 11:46:42.081 [http-nio-5000-exec-9] "OPTIONS /recruit/category HTTP/1.1" DEBUG org.springframework.web.servlet.DispatcherServlet - Completed 200 OK
2024-05-04 11:46:42.083 [http-nio-5000-exec-3] "GET /recruit/company/page/1 HTTP/1.1" DEBUG org.springframework.web.servlet.DispatcherServlet - GET "/recruit/company/page/1?page=0&count=10", parameters={masked}
2024-05-04 11:46:42.083 [http-nio-5000-exec-4] "GET /recruit/user/getGroup/4 HTTP/1.1" DEBUG org.springframework.web.servlet.DispatcherServlet - GET "/recruit/user/getGroup/4", parameters={}
2024-05-04 11:46:42.083 [http-nio-5000-exec-4] "GET /recruit/user/getGroup/4 HTTP/1.1" DEBUG o.s.w.s.m.m.a.RequestMappingHandlerMapping - Mapped to com.recruit.controller.UserController#getUserGroup(Integer)
2024-05-04 11:46:42.083 [http-nio-5000-exec-3] "GET /recruit/company/page/1 HTTP/1.1" DEBUG o.s.w.s.m.m.a.RequestMappingHandlerMapping - Mapped to com.recruit.controller.CompanyController#page(Integer, Integer, Integer)
2024-05-04 11:46:42.086 [http-nio-5000-exec-2] "GET /recruit/category HTTP/1.1" DEBUG org.springframework.web.servlet.DispatcherServlet - GET "/recruit/category", parameters={}
2024-05-04 11:46:42.086 [http-nio-5000-exec-10] "GET /recruit/company/find HTTP/1.1" DEBUG org.springframework.web.servlet.DispatcherServlet - GET "/recruit/company/find", parameters={}
2024-05-04 11:46:42.086 [http-nio-5000-exec-1] "GET /recruit/position/page/keyword HTTP/1.1" DEBUG org.springframework.web.servlet.DispatcherServlet - GET "/recruit/position/page/keyword?page=0&count=12&keyword=", parameters={masked}
2024-05-04 11:46:42.086 [http-nio-5000-exec-10] "GET /recruit/company/find HTTP/1.1" DEBUG o.s.w.s.m.m.a.RequestMappingHandlerMapping - Mapped to com.recruit.controller.CompanyController#findHot()
2024-05-04 11:46:42.086 [http-nio-5000-exec-2] "GET /recruit/category HTTP/1.1" DEBUG o.s.w.s.m.m.a.RequestMappingHandlerMapping - Mapped to com.recruit.controller.CategoryController#getAll()
2024-05-04 11:46:42.086 [http-nio-5000-exec-1] "GET /recruit/position/page/keyword HTTP/1.1" DEBUG o.s.w.s.m.m.a.RequestMappingHandlerMapping - Mapped to com.recruit.controller.PositionController#pageKeyword(Integer, Integer, String)
2024-05-04 11:46:42.093 [http-nio-5000-exec-10] "GET /recruit/company/find HTTP/1.1" DEBUG com.recruit.mapper.CompanyMapper.findHotCompany - ==>  Preparing: SELECT * FROM `company` where delete_time is null and state = 1
2024-05-04 11:46:42.093 [http-nio-5000-exec-10] "GET /recruit/company/find HTTP/1.1" DEBUG com.recruit.mapper.CompanyMapper.findHotCompany - ==> Parameters: 
2024-05-04 11:46:42.094 [http-nio-5000-exec-1] "GET /recruit/position/page/keyword HTTP/1.1" DEBUG com.recruit.mapper.PositionMapper.getPageByKeyword - ==>  Preparing: SELECT COUNT(1) FROM position p LEFT JOIN company c ON p.company_id = c.id LEFT JOIN category ca ON p.category_id = ca.id WHERE p.state = 1 AND p.delete_time IS NULL AND p.title LIKE concat('%', ?, '%')
2024-05-04 11:46:42.094 [http-nio-5000-exec-3] "GET /recruit/company/page/1 HTTP/1.1" DEBUG com.recruit.mapper.CompanyMapper.selectPage - ==>  Preparing: SELECT COUNT(1) FROM company WHERE delete_time IS NULL AND (state = ?)
2024-05-04 11:46:42.094 [http-nio-5000-exec-1] "GET /recruit/position/page/keyword HTTP/1.1" DEBUG com.recruit.mapper.PositionMapper.getPageByKeyword - ==> Parameters: (String)
2024-05-04 11:46:42.094 [http-nio-5000-exec-3] "GET /recruit/company/page/1 HTTP/1.1" DEBUG com.recruit.mapper.CompanyMapper.selectPage - ==> Parameters: 1(Integer)
2024-05-04 11:46:42.094 [http-nio-5000-exec-2] "GET /recruit/category HTTP/1.1" DEBUG com.recruit.mapper.CategoryMapper.selectList - ==>  Preparing: SELECT id,name,key_word,description,create_time,update_time,delete_time FROM category WHERE delete_time IS NULL
2024-05-04 11:46:42.095 [http-nio-5000-exec-2] "GET /recruit/category HTTP/1.1" DEBUG com.recruit.mapper.CategoryMapper.selectList - ==> Parameters: 
2024-05-04 11:46:42.095 [http-nio-5000-exec-10] "GET /recruit/company/find HTTP/1.1" DEBUG com.recruit.mapper.CompanyMapper.findHotCompany - <==      Total: 9
2024-05-04 11:46:42.095 [http-nio-5000-exec-3] "GET /recruit/company/page/1 HTTP/1.1" DEBUG com.recruit.mapper.CompanyMapper.selectPage - ==>  Preparing: SELECT id,name,foreign_name,city,logo,poster,mission,description,state,create_time,update_time,delete_time FROM company WHERE delete_time IS NULL AND (state = ?) LIMIT ?
2024-05-04 11:46:42.095 [http-nio-5000-exec-1] "GET /recruit/position/page/keyword HTTP/1.1" DEBUG com.recruit.mapper.PositionMapper.getPageByKeyword - ==>  Preparing: SELECT p.*,c.id as company_id,c.name as company_name,c.description as company_desc,c.logo as logo,ca.id as category_id,ca.name as category_name FROM position p left join company c on p.company_id = c.id left join category ca on p.category_id = ca.id where p.state = 1 and p.delete_time is null and p.title like concat('%',?,'%') LIMIT ?
2024-05-04 11:46:42.095 [http-nio-5000-exec-3] "GET /recruit/company/page/1 HTTP/1.1" DEBUG com.recruit.mapper.CompanyMapper.selectPage - ==> Parameters: 1(Integer), 10(Long)
2024-05-04 11:46:42.095 [http-nio-5000-exec-10] "GET /recruit/company/find HTTP/1.1" DEBUG o.s.w.s.m.m.a.RequestResponseBodyMethodProcessor - Using 'application/json', given [application/json, text/plain, */*] and supported [application/json, application/*+json, application/json, application/*+json]
2024-05-04 11:46:42.095 [http-nio-5000-exec-1] "GET /recruit/position/page/keyword HTTP/1.1" DEBUG com.recruit.mapper.PositionMapper.getPageByKeyword - ==> Parameters: (String), 12(Long)
2024-05-04 11:46:42.096 [http-nio-5000-exec-10] "GET /recruit/company/find HTTP/1.1" DEBUG o.s.w.s.m.m.a.RequestResponseBodyMethodProcessor - Writing [[CompanyDO(name=阿里巴巴, foreignName=Alibaba, city=中国杭州1, logo=https://tse3-mm.cn.bing.net/th/id/OIP-C. (truncated)...]
2024-05-04 11:46:42.097 [http-nio-5000-exec-2] "GET /recruit/category HTTP/1.1" DEBUG com.recruit.mapper.CategoryMapper.selectList - <==      Total: 20
2024-05-04 11:46:42.097 [http-nio-5000-exec-2] "GET /recruit/category HTTP/1.1" DEBUG o.s.w.s.m.m.a.RequestResponseBodyMethodProcessor - Using 'application/json', given [application/json, text/plain, */*] and supported [application/json, application/*+json, application/json, application/*+json]
2024-05-04 11:46:42.097 [http-nio-5000-exec-10] "GET /recruit/company/find HTTP/1.1" DEBUG org.springframework.web.servlet.DispatcherServlet - Completed 200 OK
2024-05-04 11:46:42.097 [http-nio-5000-exec-2] "GET /recruit/category HTTP/1.1" DEBUG o.s.w.s.m.m.a.RequestResponseBodyMethodProcessor - Writing [[CategoryDO(name=Java开发, keyWord=Java, description=搜索Java开发相关的职位), CategoryDO(name=C++开发, keyWord=C+ (truncated)...]
2024-05-04 11:46:42.097 [http-nio-5000-exec-3] "GET /recruit/company/page/1 HTTP/1.1" DEBUG com.recruit.mapper.CompanyMapper.selectPage - <==      Total: 9
2024-05-04 11:46:42.098 [http-nio-5000-exec-3] "GET /recruit/company/page/1 HTTP/1.1" DEBUG o.s.w.s.m.m.a.RequestResponseBodyMethodProcessor - Using 'application/json', given [application/json, text/plain, */*] and supported [application/json, application/*+json, application/json, application/*+json]
2024-05-04 11:46:42.098 [http-nio-5000-exec-3] "GET /recruit/company/page/1 HTTP/1.1" DEBUG o.s.w.s.m.m.a.RequestResponseBodyMethodProcessor - Writing [PageResponseVO(total=9, items=[CompanyDO(name=阿里巴巴, foreignName=Alibaba, city=中国杭州1, logo=https://ts (truncated)...]
2024-05-04 11:46:42.099 [http-nio-5000-exec-2] "GET /recruit/category HTTP/1.1" DEBUG org.springframework.web.servlet.DispatcherServlet - Completed 200 OK
2024-05-04 11:46:42.100 [http-nio-5000-exec-3] "GET /recruit/company/page/1 HTTP/1.1" DEBUG org.springframework.web.servlet.DispatcherServlet - Completed 200 OK
2024-05-04 11:46:42.100 [http-nio-5000-exec-1] "GET /recruit/position/page/keyword HTTP/1.1" DEBUG com.recruit.mapper.PositionMapper.getPageByKeyword - <==      Total: 12
2024-05-04 11:46:42.101 [http-nio-5000-exec-1] "GET /recruit/position/page/keyword HTTP/1.1" DEBUG o.s.w.s.m.m.a.RequestResponseBodyMethodProcessor - Using 'application/json', given [application/json, text/plain, */*] and supported [application/json, application/*+json, application/json, application/*+json]
2024-05-04 11:46:42.101 [http-nio-5000-exec-1] "GET /recruit/position/page/keyword HTTP/1.1" DEBUG o.s.w.s.m.m.a.RequestResponseBodyMethodProcessor - Writing [PageResponseVO(total=47, items=[PositionResultDO(CategoryName=Java开发, CompanyName=阿里巴巴, CompanyDesc= (truncated)...]
2024-05-04 11:46:42.104 [http-nio-5000-exec-1] "GET /recruit/position/page/keyword HTTP/1.1" DEBUG org.springframework.web.servlet.DispatcherServlet - Completed 200 OK
2024-05-04 11:46:42.761 [http-nio-5000-exec-4] "GET /recruit/user/getGroup/4 HTTP/1.1" DEBUG o.s.w.s.m.m.a.ExceptionHandlerExceptionResolver - Using @ExceptionHandler com.recruit.common.exception.RestExceptionHandler#processException(HttpException, HttpServletRequest, HttpServletResponse)
2024-05-04 11:46:42.765 [http-nio-5000-exec-4] "GET /recruit/user/getGroup/4 HTTP/1.1" DEBUG o.s.w.s.m.m.a.RequestResponseBodyMethodProcessor - Using 'application/json', given [application/json, text/plain, */*] and supported [application/json, application/*+json, application/json, application/*+json]
2024-05-04 11:46:42.765 [http-nio-5000-exec-4] "GET /recruit/user/getGroup/4 HTTP/1.1" DEBUG o.s.w.s.m.m.a.RequestResponseBodyMethodProcessor - Writing [UnifyResponseVO(code=10051, message=access token 过期, request=GET /recruit/user/getGroup/4)]
2024-05-04 11:46:42.766 [http-nio-5000-exec-4] "GET /recruit/user/getGroup/4 HTTP/1.1" DEBUG org.springframework.web.servlet.DispatcherServlet - Completed 401 UNAUTHORIZED
2024-05-04 11:46:42.769 [http-nio-5000-exec-6] "OPTIONS /recruit/user/refresh HTTP/1.1" DEBUG org.springframework.web.servlet.DispatcherServlet - OPTIONS "/recruit/user/refresh", parameters={}
2024-05-04 11:46:42.769 [http-nio-5000-exec-6] "OPTIONS /recruit/user/refresh HTTP/1.1" DEBUG o.s.w.s.m.m.a.RequestMappingHandlerMapping - Mapped to com.recruit.controller.UserController#getRefreshToken()
2024-05-04 11:46:42.770 [http-nio-5000-exec-6] "OPTIONS /recruit/user/refresh HTTP/1.1" DEBUG org.springframework.web.servlet.DispatcherServlet - Completed 200 OK
2024-05-04 11:46:42.772 [http-nio-5000-exec-7] "GET /recruit/user/refresh HTTP/1.1" DEBUG org.springframework.web.servlet.DispatcherServlet - GET "/recruit/user/refresh", parameters={}
2024-05-04 11:46:42.773 [http-nio-5000-exec-7] "GET /recruit/user/refresh HTTP/1.1" DEBUG o.s.w.s.m.m.a.RequestMappingHandlerMapping - Mapped to com.recruit.controller.UserController#getRefreshToken()
2024-05-04 11:46:42.775 [http-nio-5000-exec-7] "GET /recruit/user/refresh HTTP/1.1" DEBUG com.recruit.mapper.UserMapper.selectById - ==>  Preparing: SELECT id,username,nickname,avatar,email,tel,create_time,update_time,delete_time FROM `user` WHERE id=? AND delete_time IS NULL
2024-05-04 11:46:42.775 [http-nio-5000-exec-7] "GET /recruit/user/refresh HTTP/1.1" DEBUG com.recruit.mapper.UserMapper.selectById - ==> Parameters: 4(Integer)
2024-05-04 11:46:42.776 [http-nio-5000-exec-7] "GET /recruit/user/refresh HTTP/1.1" DEBUG com.recruit.mapper.UserMapper.selectById - <==      Total: 1
2024-05-04 11:46:42.803 [http-nio-5000-exec-7] "GET /recruit/user/refresh HTTP/1.1" DEBUG o.s.w.s.m.m.a.RequestResponseBodyMethodProcessor - Using 'application/json', given [application/json, text/plain, */*] and supported [application/json, application/*+json, application/json, application/*+json]
2024-05-04 11:46:42.803 [http-nio-5000-exec-7] "GET /recruit/user/refresh HTTP/1.1" DEBUG o.s.w.s.m.m.a.RequestResponseBodyMethodProcessor - Writing [Tokens{accessToken='eyJ0eXAiOiJKV1QiLCJhbGciOiJIUzI1NiJ9.eyJpZGVudGl0eSI6NCwic2NvcGUiOiJsaW4iLCJ0eXB (truncated)...]
2024-05-04 11:46:42.804 [http-nio-5000-exec-7] "GET /recruit/user/refresh HTTP/1.1" DEBUG org.springframework.web.servlet.DispatcherServlet - Completed 200 OK
2024-05-04 11:46:42.807 [http-nio-5000-exec-5] "GET /recruit/user/getGroup/4 HTTP/1.1" DEBUG org.springframework.web.servlet.DispatcherServlet - GET "/recruit/user/getGroup/4", parameters={}
2024-05-04 11:46:42.807 [http-nio-5000-exec-5] "GET /recruit/user/getGroup/4 HTTP/1.1" DEBUG o.s.w.s.m.m.a.RequestMappingHandlerMapping - Mapped to com.recruit.controller.UserController#getUserGroup(Integer)
2024-05-04 11:46:42.808 [http-nio-5000-exec-5] "GET /recruit/user/getGroup/4 HTTP/1.1" DEBUG com.recruit.mapper.UserMapper.selectById - ==>  Preparing: SELECT id,username,nickname,avatar,email,tel,create_time,update_time,delete_time FROM `user` WHERE id=? AND delete_time IS NULL
2024-05-04 11:46:42.808 [http-nio-5000-exec-5] "GET /recruit/user/getGroup/4 HTTP/1.1" DEBUG com.recruit.mapper.UserMapper.selectById - ==> Parameters: 4(Integer)
2024-05-04 11:46:42.809 [http-nio-5000-exec-5] "GET /recruit/user/getGroup/4 HTTP/1.1" DEBUG com.recruit.mapper.UserMapper.selectById - <==      Total: 1
2024-05-04 11:46:42.812 [http-nio-5000-exec-5] "GET /recruit/user/getGroup/4 HTTP/1.1" DEBUG com.recruit.mapper.UserGroupMapper.selectOne - ==>  Preparing: SELECT id,user_id,group_id FROM user_group WHERE (user_id = ?)
2024-05-04 11:46:42.812 [http-nio-5000-exec-5] "GET /recruit/user/getGroup/4 HTTP/1.1" DEBUG com.recruit.mapper.UserGroupMapper.selectOne - ==> Parameters: 4(Integer)
2024-05-04 11:46:42.819 [http-nio-5000-exec-5] "GET /recruit/user/getGroup/4 HTTP/1.1" DEBUG com.recruit.mapper.UserGroupMapper.selectOne - <==      Total: 1
2024-05-04 11:46:42.819 [http-nio-5000-exec-5] "GET /recruit/user/getGroup/4 HTTP/1.1" DEBUG o.s.w.s.m.m.a.RequestResponseBodyMethodProcessor - Using 'application/json', given [application/json, text/plain, */*] and supported [application/json, application/*+json, application/json, application/*+json]
2024-05-04 11:46:42.819 [http-nio-5000-exec-5] "GET /recruit/user/getGroup/4 HTTP/1.1" DEBUG o.s.w.s.m.m.a.RequestResponseBodyMethodProcessor - Writing [2]
2024-05-04 11:46:42.820 [http-nio-5000-exec-5] "GET /recruit/user/getGroup/4 HTTP/1.1" DEBUG org.springframework.web.servlet.DispatcherServlet - Completed 200 OK
2024-05-04 11:46:42.825 [http-nio-5000-exec-8] "OPTIONS /recruit/application/page/find/4 HTTP/1.1" DEBUG org.springframework.web.servlet.DispatcherServlet - OPTIONS "/recruit/application/page/find/4?userId=4", parameters={masked}
2024-05-04 11:46:42.826 [http-nio-5000-exec-8] "OPTIONS /recruit/application/page/find/4 HTTP/1.1" DEBUG o.s.w.s.m.m.a.RequestMappingHandlerMapping - Mapped to com.recruit.controller.ApplicationController#pageByUserId(Integer, Integer, Integer)
2024-05-04 11:46:42.826 [http-nio-5000-exec-8] "OPTIONS /recruit/application/page/find/4 HTTP/1.1" DEBUG org.springframework.web.servlet.DispatcherServlet - Completed 200 OK
2024-05-04 11:46:42.829 [http-nio-5000-exec-9] "GET /recruit/application/page/find/4 HTTP/1.1" DEBUG org.springframework.web.servlet.DispatcherServlet - GET "/recruit/application/page/find/4?userId=4", parameters={masked}
2024-05-04 11:46:42.829 [http-nio-5000-exec-9] "GET /recruit/application/page/find/4 HTTP/1.1" DEBUG o.s.w.s.m.m.a.RequestMappingHandlerMapping - Mapped to com.recruit.controller.ApplicationController#pageByUserId(Integer, Integer, Integer)
2024-05-04 11:46:42.830 [http-nio-5000-exec-9] "GET /recruit/application/page/find/4 HTTP/1.1" DEBUG com.recruit.mapper.UserMapper.selectById - ==>  Preparing: SELECT id,username,nickname,avatar,email,tel,create_time,update_time,delete_time FROM `user` WHERE id=? AND delete_time IS NULL
2024-05-04 11:46:42.830 [http-nio-5000-exec-9] "GET /recruit/application/page/find/4 HTTP/1.1" DEBUG com.recruit.mapper.UserMapper.selectById - ==> Parameters: 4(Integer)
2024-05-04 11:46:42.831 [http-nio-5000-exec-9] "GET /recruit/application/page/find/4 HTTP/1.1" DEBUG com.recruit.mapper.UserMapper.selectById - <==      Total: 1
2024-05-04 11:46:42.835 [http-nio-5000-exec-9] "GET /recruit/application/page/find/4 HTTP/1.1" DEBUG com.recruit.mapper.GroupMapper.selectOne - ==>  Preparing: SELECT id,name,info,`level`,create_time,update_time,delete_time FROM `group` WHERE delete_time IS NULL AND (`level` = ?)
2024-05-04 11:46:42.836 [http-nio-5000-exec-9] "GET /recruit/application/page/find/4 HTTP/1.1" DEBUG com.recruit.mapper.GroupMapper.selectOne - ==> Parameters: 1(Integer)
2024-05-04 11:46:42.843 [http-nio-5000-exec-9] "GET /recruit/application/page/find/4 HTTP/1.1" DEBUG com.recruit.mapper.GroupMapper.selectOne - <==      Total: 1
2024-05-04 11:46:42.845 [http-nio-5000-exec-9] "GET /recruit/application/page/find/4 HTTP/1.1" DEBUG com.recruit.mapper.UserGroupMapper.selectOne - ==>  Preparing: SELECT id,user_id,group_id FROM user_group WHERE (user_id = ? AND group_id = ?)
2024-05-04 11:46:42.845 [http-nio-5000-exec-9] "GET /recruit/application/page/find/4 HTTP/1.1" DEBUG com.recruit.mapper.UserGroupMapper.selectOne - ==> Parameters: 4(Integer), 1(Integer)
2024-05-04 11:46:42.846 [http-nio-5000-exec-9] "GET /recruit/application/page/find/4 HTTP/1.1" DEBUG com.recruit.mapper.UserGroupMapper.selectOne - <==      Total: 0
2024-05-04 11:46:42.847 [http-nio-5000-exec-9] "GET /recruit/application/page/find/4 HTTP/1.1" DEBUG com.recruit.mapper.GroupMapper.selectUserGroupIds - ==>  Preparing: SELECT g.id from `group` AS g WHERE g.delete_time IS NULL AND g.id IN ( SELECT ug.group_id FROM `user` AS u LEFT JOIN `user_group` as ug ON ug.user_id = u.id WHERE u.id = ? AND u.delete_time IS NULL )
2024-05-04 11:46:42.847 [http-nio-5000-exec-9] "GET /recruit/application/page/find/4 HTTP/1.1" DEBUG com.recruit.mapper.GroupMapper.selectUserGroupIds - ==> Parameters: 4(Integer)
2024-05-04 11:46:42.849 [http-nio-5000-exec-9] "GET /recruit/application/page/find/4 HTTP/1.1" DEBUG com.recruit.mapper.GroupMapper.selectUserGroupIds - <==      Total: 1
2024-05-04 11:46:42.853 [http-nio-5000-exec-9] "GET /recruit/application/page/find/4 HTTP/1.1" DEBUG c.r.m.PermissionMapper.selectPermissionsByGroupIds - ==>  Preparing: SELECT p.id, p.name, p.module, p.mount, p.create_time, p.update_time, p.delete_time FROM permission AS p WHERE p.delete_time IS NULL AND p.mount = true AND p.id IN ( SELECT gp.permission_id FROM group_permission AS gp WHERE gp.group_id IN ( ? ) )
2024-05-04 11:46:42.853 [http-nio-5000-exec-9] "GET /recruit/application/page/find/4 HTTP/1.1" DEBUG c.r.m.PermissionMapper.selectPermissionsByGroupIds - ==> Parameters: 2(Integer)
2024-05-04 11:46:42.863 [http-nio-5000-exec-9] "GET /recruit/application/page/find/4 HTTP/1.1" DEBUG c.r.m.PermissionMapper.selectPermissionsByGroupIds - <==      Total: 14
2024-05-04 11:46:42.872 [http-nio-5000-exec-9] "GET /recruit/application/page/find/4 HTTP/1.1" DEBUG com.recruit.mapper.ApplicationMapper.getByUserId - ==>  Preparing: SELECT COUNT(1) FROM application a LEFT JOIN user u ON a.user_id = u.id LEFT JOIN resume r ON a.resume_id = r.id LEFT JOIN position p ON a.position_id = p.id LEFT JOIN company c ON p.company_id = c.id WHERE a.user_id = ? AND a.delete_time IS NULL
2024-05-04 11:46:42.873 [http-nio-5000-exec-9] "GET /recruit/application/page/find/4 HTTP/1.1" DEBUG com.recruit.mapper.ApplicationMapper.getByUserId - ==> Parameters: 4(Integer)
2024-05-04 11:46:42.890 [http-nio-5000-exec-9] "GET /recruit/application/page/find/4 HTTP/1.1" DEBUG com.recruit.mapper.ApplicationMapper.getByUserId - ==>  Preparing: select a.*,u.*,r.*,p.*,c.*,c.city position_city from application a LEFT JOIN user u on a.user_id = u.id LEFT JOIN resume r on a.resume_id = r.id LEFT JOIN position p on a.position_id = p.id LEFT JOIN company c on p.company_id=c.id where a.user_id = ? and a.delete_time is null LIMIT ?
2024-05-04 11:46:42.890 [http-nio-5000-exec-9] "GET /recruit/application/page/find/4 HTTP/1.1" DEBUG com.recruit.mapper.ApplicationMapper.getByUserId - ==> Parameters: 4(Integer), 10(Long)
2024-05-04 11:46:42.892 [http-nio-5000-exec-9] "GET /recruit/application/page/find/4 HTTP/1.1" DEBUG com.recruit.mapper.ApplicationMapper.getByUserId - <==      Total: 7
2024-05-04 11:46:42.893 [http-nio-5000-exec-9] "GET /recruit/application/page/find/4 HTTP/1.1" DEBUG o.s.w.s.m.m.a.RequestResponseBodyMethodProcessor - Using 'application/json', given [application/json, text/plain, */*] and supported [application/json, application/*+json, application/json, application/*+json]
2024-05-04 11:46:42.893 [http-nio-5000-exec-9] "GET /recruit/application/page/find/4 HTTP/1.1" DEBUG o.s.w.s.m.m.a.RequestResponseBodyMethodProcessor - Writing [PageResponseVO(total=7, items=[ApplicationResultDO(nickname=刘同学, tel=12312312312, email=admin@qq.com (truncated)...]
2024-05-04 11:46:42.902 [http-nio-5000-exec-9] "GET /recruit/application/page/find/4 HTTP/1.1" DEBUG com.recruit.mapper.LogMapper.insert - ==>  Preparing: INSERT INTO log ( create_time, message, user_id, username, status_code, method, path, permission ) VALUES ( ?, ?, ?, ?, ?, ?, ?, ? )
2024-05-04 11:46:42.903 [http-nio-5000-exec-9] "GET /recruit/application/page/find/4 HTTP/1.1" DEBUG com.recruit.mapper.LogMapper.insert - ==> Parameters: 2024-05-04 11:46:42.9(Timestamp), 查看简历投递状况(String), 4(Integer), user(String), 200(Integer), GET(String), /recruit/application/page/find/4(String), 我的投递箱(String)
2024-05-04 11:46:42.943 [http-nio-5000-exec-9] "GET /recruit/application/page/find/4 HTTP/1.1" DEBUG com.recruit.mapper.LogMapper.insert - <==    Updates: 1
2024-05-04 11:46:42.945 [http-nio-5000-exec-9] "GET /recruit/application/page/find/4 HTTP/1.1" DEBUG org.springframework.web.servlet.DispatcherServlet - Completed 200 OK
